[    0.000000] Linux version 4.15.0-208-generic (buildd@lcy02-amd64-015) (gcc version 7.5.0 (Ubuntu 7.5.0-3ubuntu1~18.04)) #220-Ubuntu SMP Mon Mar 20 14:27:01 UTC 2023 (Ubuntu 4.15.0-208.220-generic 4.15.18)
[    0.000000] Command line: BOOT_IMAGE=/boot/vmlinuz-4.15.0-208-generic root=LABEL=cloudimg-rootfs ro console=tty1 console=ttyS0
[    0.000000] KERNEL supported cpus:
[    0.000000]   Intel GenuineIntel
[    0.000000]   AMD AuthenticAMD
[    0.000000]   Centaur CentaurHauls
[    0.000000] x86/fpu: Supporting XSAVE feature 0x001: 'x87 floating point registers'
[    0.000000] x86/fpu: Supporting XSAVE feature 0x002: 'SSE registers'
[    0.000000] x86/fpu: Supporting XSAVE feature 0x004: 'AVX registers'
[    0.000000] x86/fpu: xstate_offset[2]:  576, xstate_sizes[2]:  256
[    0.000000] x86/fpu: Enabled xstate features 0x7, context size is 832 bytes, using 'standard' format.
[    0.000000] e820: BIOS-provided physical RAM map:
[    0.000000] BIOS-e820: [mem 0x0000000000000000-0x000000000009fbff] usable
[    0.000000] BIOS-e820: [mem 0x000000000009fc00-0x000000000009ffff] reserved
[    0.000000] BIOS-e820: [mem 0x00000000000f0000-0x00000000000fffff] reserved
[    0.000000] BIOS-e820: [mem 0x0000000000100000-0x000000003ffeffff] usable
[    0.000000] BIOS-e820: [mem 0x000000003fff0000-0x000000003fffffff] ACPI data
[    0.000000] BIOS-e820: [mem 0x00000000fec00000-0x00000000fec00fff] reserved
[    0.000000] BIOS-e820: [mem 0x00000000fee00000-0x00000000fee00fff] reserved
[    0.000000] BIOS-e820: [mem 0x00000000fffc0000-0x00000000ffffffff] reserved
[    0.000000] NX (Execute Disable) protection: active
[    0.000000] SMBIOS 2.5 present.
[    0.000000] DMI: innotek GmbH VirtualBox/VirtualBox, BIOS VirtualBox 12/01/2006
[    0.000000] Hypervisor detected: KVM
[    0.000000] e820: last_pfn = 0x3fff0 max_arch_pfn = 0x400000000
[    0.000000] MTRR: Disabled
[    0.000000] x86/PAT: MTRRs disabled, skipping PAT initialization too.
[    0.000000] CPU MTRRs all blank - virtualized system.
[    0.000000] x86/PAT: Configuration [0-7]: WB  WT  UC- UC  WB  WT  UC- UC  
[    0.000000] found SMP MP-table at [mem 0x0009fff0-0x0009ffff]
[    0.000000] Scanning 1 areas for low memory corruption
[    0.000000] RAMDISK: [mem 0x359c9000-0x36cdbfff]
[    0.000000] ACPI: Early table checksum verification disabled
[    0.000000] ACPI: RSDP 0x00000000000E0000 000024 (v02 VBOX  )
[    0.000000] ACPI: XSDT 0x000000003FFF0030 00003C (v01 VBOX   VBOXXSDT 00000001 ASL  00000061)
[    0.000000] ACPI: FACP 0x000000003FFF00F0 0000F4 (v04 VBOX   VBOXFACP 00000001 ASL  00000061)
[    0.000000] ACPI: DSDT 0x000000003FFF0610 002353 (v02 VBOX   VBOXBIOS 00000002 INTL 20200528)
[    0.000000] ACPI: FACS 0x000000003FFF0200 000040
[    0.000000] ACPI: FACS 0x000000003FFF0200 000040
[    0.000000] ACPI: APIC 0x000000003FFF0240 00005C (v02 VBOX   VBOXAPIC 00000001 ASL  00000061)
[    0.000000] ACPI: SSDT 0x000000003FFF02A0 00036C (v01 VBOX   VBOXCPUT 00000002 INTL 20200528)
[    0.000000] ACPI: Reserving FACP table memory at [mem 0x3fff00f0-0x3fff01e3]
[    0.000000] ACPI: Reserving DSDT table memory at [mem 0x3fff0610-0x3fff2962]
[    0.000000] ACPI: Reserving FACS table memory at [mem 0x3fff0200-0x3fff023f]
[    0.000000] ACPI: Reserving FACS table memory at [mem 0x3fff0200-0x3fff023f]
[    0.000000] ACPI: Reserving APIC table memory at [mem 0x3fff0240-0x3fff029b]
[    0.000000] ACPI: Reserving SSDT table memory at [mem 0x3fff02a0-0x3fff060b]
[    0.000000] No NUMA configuration found
[    0.000000] Faking a node at [mem 0x0000000000000000-0x000000003ffeffff]
[    0.000000] NODE_DATA(0) allocated [mem 0x3ffc5000-0x3ffeffff]
[    0.000000] kvm-clock: cpu 0, msr 0:3ff44001, primary cpu clock
[    0.000000] kvm-clock: Using msrs 4b564d01 and 4b564d00
[    0.000000] kvm-clock: using sched offset of 3372112713 cycles
[    0.000000] clocksource: kvm-clock: mask: 0xffffffffffffffff max_cycles: 0x1cd42e4dffb, max_idle_ns: 881590591483 ns
[    0.000000] Zone ranges:
[    0.000000]   DMA      [mem 0x0000000000001000-0x0000000000ffffff]
[    0.000000]   DMA32    [mem 0x0000000001000000-0x000000003ffeffff]
[    0.000000]   Normal   empty
[    0.000000]   Device   empty
[    0.000000] Movable zone start for each node
[    0.000000] Early memory node ranges
[    0.000000]   node   0: [mem 0x0000000000001000-0x000000000009efff]
[    0.000000]   node   0: [mem 0x0000000000100000-0x000000003ffeffff]
[    0.000000] Reserved but unavailable: 104 pages
[    0.000000] Initmem setup node 0 [mem 0x0000000000001000-0x000000003ffeffff]
[    0.000000] ACPI: PM-Timer IO Port: 0x4008
[    0.000000] IOAPIC[0]: apic_id 2, version 32, address 0xfec00000, GSI 0-23
[    0.000000] ACPI: INT_SRC_OVR (bus 0 bus_irq 0 global_irq 2 dfl dfl)
[    0.000000] ACPI: INT_SRC_OVR (bus 0 bus_irq 9 global_irq 9 low level)
[    0.000000] Using ACPI (MADT) for SMP configuration information
[    0.000000] smpboot: Allowing 2 CPUs, 0 hotplug CPUs
[    0.000000] PM: Registered nosave memory: [mem 0x00000000-0x00000fff]
[    0.000000] PM: Registered nosave memory: [mem 0x0009f000-0x0009ffff]
[    0.000000] PM: Registered nosave memory: [mem 0x000a0000-0x000effff]
[    0.000000] PM: Registered nosave memory: [mem 0x000f0000-0x000fffff]
[    0.000000] e820: [mem 0x40000000-0xfebfffff] available for PCI devices
[    0.000000] Booting paravirtualized kernel on KVM
[    0.000000] clocksource: refined-jiffies: mask: 0xffffffff max_cycles: 0xffffffff, max_idle_ns: 7645519600211568 ns
[    0.000000] setup_percpu: NR_CPUS:8192 nr_cpumask_bits:2 nr_cpu_ids:2 nr_node_ids:1
[    0.000000] percpu: Embedded 50 pages/cpu s167936 r8192 d28672 u1048576
[    0.000000] PV qspinlock hash table entries: 256 (order: 0, 4096 bytes)
[    0.000000] Built 1 zonelists, mobility grouping on.  Total pages: 257913
[    0.000000] Policy zone: DMA32
[    0.000000] Kernel command line: BOOT_IMAGE=/boot/vmlinuz-4.15.0-208-generic root=LABEL=cloudimg-rootfs ro console=tty1 console=ttyS0
[    0.000000] Memory: 982640K/1048120K available (12300K kernel code, 2477K rwdata, 4324K rodata, 2480K init, 2720K bss, 65480K reserved, 0K cma-reserved)
[    0.000000] SLUB: HWalign=64, Order=0-3, MinObjects=0, CPUs=2, Nodes=1
[    0.000000] Kernel/User page tables isolation: enabled
[    0.000000] ftrace: allocating 39494 entries in 155 pages
[    0.004000] Hierarchical RCU implementation.
[    0.004000] 	RCU restricting CPUs from NR_CPUS=8192 to nr_cpu_ids=2.
[    0.004000] 	Tasks RCU enabled.
[    0.004000] RCU: Adjusting geometry for rcu_fanout_leaf=16, nr_cpu_ids=2
[    0.004000] NR_IRQS: 524544, nr_irqs: 440, preallocated irqs: 16
[    0.004000] random: crng init done
[    0.004000] Console: colour VGA+ 80x25
[    0.004000] console [tty1] enabled
[    0.004000] console [ttyS0] enabled
[    0.004000] ACPI: Core revision 20170831
[    0.004000] ACPI: 2 ACPI AML tables successfully acquired and loaded
[    0.004000] APIC: Switch to symmetric I/O mode setup
[    0.004000] x2apic enabled
[    0.004019] Switched APIC routing to physical x2apic.
[    0.012000] ..TIMER: vector=0x30 apic1=0 pin1=2 apic2=-1 pin2=-1
[    0.012002] tsc: Detected 2401.598 MHz processor
[    0.016008] Calibrating delay loop (skipped) preset value.. 4803.19 BogoMIPS (lpj=9606392)
[    0.020002] pid_max: default: 32768 minimum: 301
[    0.022717] Security Framework initialized
[    0.024002] Yama: becoming mindful.
[    0.026147] AppArmor: AppArmor initialized
[    0.029348] Dentry cache hash table entries: 131072 (order: 8, 1048576 bytes)
[    0.036065] Inode-cache hash table entries: 65536 (order: 7, 524288 bytes)
[    0.040032] Mount-cache hash table entries: 2048 (order: 2, 16384 bytes)
[    0.044026] Mountpoint-cache hash table entries: 2048 (order: 2, 16384 bytes)
[    0.049208] Last level iTLB entries: 4KB 64, 2MB 8, 4MB 8
[    0.052002] Last level dTLB entries: 4KB 64, 2MB 0, 4MB 0, 1GB 4
[    0.056016] Spectre V1 : Mitigation: usercopy/swapgs barriers and __user pointer sanitization
[    0.060003] Spectre V2 : Mitigation: Retpolines
[    0.062644] Spectre V2 : Spectre v2 / SpectreRSB mitigation: Filling RSB on context switch
[    0.064002] Spectre V2 : Spectre v2 / SpectreRSB : Filling RSB on VMEXIT
[    0.067736] RETBleed: WARNING: Spectre v2 mitigation leaves CPU vulnerable to RETBleed attacks, data leaks possible!
[    0.068002] RETBleed: Vulnerable
[    0.069978] Speculative Store Bypass: Vulnerable
[    0.072099] MDS: Mitigation: Clear CPU buffers
[    0.076002] MMIO Stale Data: Mitigation: Clear CPU buffers
[    0.079133] SRBDS: Unknown: Dependent on hypervisor status
[    0.080164] Freeing SMP alternatives memory: 36K
[    0.196865] smpboot: CPU0: Intel(R) Core(TM) i5-8279U CPU @ 2.40GHz (family: 0x6, model: 0x8e, stepping: 0xa)
[    0.200198] Performance Events: unsupported p6 CPU model 142 no PMU driver, software events only.
[    0.204071] Hierarchical SRCU implementation.
[    0.208570] NMI watchdog: Perf event create on CPU 0 failed with -2
[    0.212002] NMI watchdog: Perf NMI watchdog permanently disabled
[    0.216134] smp: Bringing up secondary CPUs ...
[    0.219030] x86: Booting SMP configuration:
[    0.220002] .... node  #0, CPUs:      #1
[    0.004000] kvm-clock: cpu 1, msr 0:3ff44041, secondary cpu clock
[    0.228186] smp: Brought up 1 node, 2 CPUs
[    0.230451] smpboot: Max logical packages: 1
[    0.232005] smpboot: Total of 2 processors activated (9606.39 BogoMIPS)
[    0.236216] devtmpfs: initialized
[    0.238065] x86/mm: Memory block size: 128MB
[    0.240211] evm: security.selinux
[    0.242147] evm: security.SMACK64
[    0.244002] evm: security.SMACK64EXEC
[    0.246564] evm: security.SMACK64TRANSMUTE
[    0.248003] evm: security.SMACK64MMAP
[    0.250174] evm: security.apparmor
[    0.252000] evm: security.ima
[    0.252003] evm: security.capability
[    0.254216] clocksource: jiffies: mask: 0xffffffff max_cycles: 0xffffffff, max_idle_ns: 7645041785100000 ns
[    0.256031] futex hash table entries: 512 (order: 3, 32768 bytes)
[    0.260050] pinctrl core: initialized pinctrl subsystem
[    0.263252] RTC time: 21:40:16, date: 10/20/23
[    0.264293] NET: Registered protocol family 16
[    0.268070] audit: initializing netlink subsys (disabled)
[    0.271113] audit: type=2000 audit(1697838020.287:1): state=initialized audit_enabled=0 res=1
[    0.276022] cpuidle: using governor ladder
[    0.278452] cpuidle: using governor menu
[    0.280038] ACPI: bus type PCI registered
[    0.282301] acpiphp: ACPI Hot Plug PCI Controller Driver version: 0.5
[    0.284307] PCI: Using configuration type 1 for base access
[    0.289079] HugeTLB registered 2.00 MiB page size, pre-allocated 0 pages
[    0.292164] ACPI: Added _OSI(Module Device)
[    0.296003] ACPI: Added _OSI(Processor Device)
[    0.298489] ACPI: Added _OSI(3.0 _SCP Extensions)
[    0.300002] ACPI: Added _OSI(Processor Aggregator Device)
[    0.304002] ACPI: Added _OSI(Linux-Dell-Video)
[    0.308002] ACPI: Added _OSI(Linux-Lenovo-NV-HDMI-Audio)
[    0.310935] ACPI: Added _OSI(Linux-HPI-Hybrid-Graphics)
[    0.312570] ACPI: Executed 1 blocks of module-level executable AML code
[    0.321434] ACPI: Interpreter enabled
[    0.323554] ACPI: (supports S0 S5)
[    0.324003] ACPI: Using IOAPIC for interrupt routing
[    0.328337] PCI: Using host bridge windows from ACPI; if necessary, use "pci=nocrs" and report a bug
[    0.332200] ACPI: Enabled 2 GPEs in block 00 to 07
[    0.344242] ACPI: PCI Root Bridge [PCI0] (domain 0000 [bus 00-ff])
[    0.347622] acpi PNP0A03:00: _OSC: OS supports [ASPM ClockPM Segments MSI]
[    0.352239] acpi PNP0A03:00: _OSC: not requesting OS control; OS requires [ExtendedConfig ASPM ClockPM MSI]
[    0.356010] acpi PNP0A03:00: fail to add MMCONFIG information, can't access extended PCI configuration space under this bridge.
[    0.360598] PCI host bridge to bus 0000:00
[    0.364003] pci_bus 0000:00: root bus resource [io  0x0000-0x0cf7 window]
[    0.368003] pci_bus 0000:00: root bus resource [io  0x0d00-0xffff window]
[    0.372007] pci_bus 0000:00: root bus resource [mem 0x000a0000-0x000bffff window]
[    0.376006] pci_bus 0000:00: root bus resource [mem 0x40000000-0xfdffffff window]
[    0.380004] pci_bus 0000:00: root bus resource [bus 00-ff]
[    0.391180] pci 0000:00:01.1: legacy IDE quirk: reg 0x10: [io  0x01f0-0x01f7]
[    0.392004] pci 0000:00:01.1: legacy IDE quirk: reg 0x14: [io  0x03f6]
[    0.396003] pci 0000:00:01.1: legacy IDE quirk: reg 0x18: [io  0x0170-0x0177]
[    0.400004] pci 0000:00:01.1: legacy IDE quirk: reg 0x1c: [io  0x0376]
[    0.440000] pci 0000:00:07.0: quirk: [io  0x4000-0x403f] claimed by PIIX4 ACPI
[    0.440000] pci 0000:00:07.0: quirk: [io  0x4100-0x410f] claimed by PIIX4 SMB
[    0.448000] ACPI: PCI Interrupt Link [LNKA] (IRQs 5 9 10 *11)
[    0.448462] ACPI: PCI Interrupt Link [LNKB] (IRQs 5 9 *10 11)
[    0.451985] ACPI: PCI Interrupt Link [LNKC] (IRQs 5 *9 10 11)
[    0.452000] ACPI: PCI Interrupt Link [LNKD] (IRQs 5 9 10 *11)
[    0.452436] SCSI subsystem initialized
[    0.456265] pci 0000:00:02.0: vgaarb: setting as boot VGA device
[    0.459919] pci 0000:00:02.0: vgaarb: VGA device added: decodes=io+mem,owns=io+mem,locks=none
[    0.468005] pci 0000:00:02.0: vgaarb: bridge control possible
[    0.471819] vgaarb: loaded
[    0.472000] ACPI: bus type USB registered
[    0.472024] usbcore: registered new interface driver usbfs
[    0.475259] usbcore: registered new interface driver hub
[    0.476000] usbcore: registered new device driver usb
[    0.476066] EDAC MC: Ver: 3.0.0
[    0.480499] PCI: Using ACPI for IRQ routing
[    0.484612] NetLabel: Initializing
[    0.488002] NetLabel:  domain hash size = 128
[    0.491250] NetLabel:  protocols = UNLABELED CIPSOv4 CALIPSO
[    0.492000] NetLabel:  unlabeled traffic allowed by default
[    0.492177] clocksource: Switched to clocksource kvm-clock
[    0.505418] VFS: Disk quotas dquot_6.6.0
[    0.517469] VFS: Dquot-cache hash table entries: 512 (order 0, 4096 bytes)
[    0.521808] AppArmor: AppArmor Filesystem Enabled
[    0.524810] pnp: PnP ACPI init
[    0.529496] pnp: PnP ACPI: found 3 devices
[    0.538382] clocksource: acpi_pm: mask: 0xffffff max_cycles: 0xffffff, max_idle_ns: 2085701024 ns
[    0.543640] NET: Registered protocol family 2
[    0.546634] IP idents hash table entries: 16384 (order: 5, 131072 bytes)
[    0.550804] TCP established hash table entries: 8192 (order: 4, 65536 bytes)
[    0.554616] TCP bind hash table entries: 8192 (order: 5, 131072 bytes)
[    0.554616] TCP: Hash tables configured (established 8192 bind 8192)
[    0.563451] UDP hash table entries: 512 (order: 2, 16384 bytes)
[    0.567055] UDP-Lite hash table entries: 512 (order: 2, 16384 bytes)
[    0.570857] NET: Registered protocol family 1
[    0.573674] pci 0000:00:00.0: Limiting direct PCI/PCI transfers
[    0.577303] pci 0000:00:01.0: Activating ISA DMA hang workarounds
[    0.577644] pci 0000:00:02.0: Video device with shadowed ROM at [mem 0x000c0000-0x000dffff]
[    0.586244] Unpacking initramfs...
[    0.890289] Freeing initrd memory: 19532K
[    0.893956] clocksource: tsc: mask: 0xffffffffffffffff max_cycles: 0x229e1d04e9b, max_idle_ns: 440795208513 ns
[    0.897716] platform rtc_cmos: registered platform RTC device (no PNP device found)
[    0.904157] Scanning for low memory corruption every 60 seconds
[    0.908533] Initialise system trusted keyrings
[    0.911276] Key type blacklist registered
[    0.914201] workingset: timestamp_bits=36 max_order=18 bucket_order=0
[    0.918102] zbud: loaded
[    0.922063] squashfs: version 4.0 (2009/01/31) Phillip Lougher
[    0.926271] fuse init (API version 7.26)
[    0.933912] Key type asymmetric registered
[    0.936425] Asymmetric key parser 'x509' registered
[    0.937905] Block layer SCSI generic (bsg) driver version 0.4 loaded (major 246)
[    0.943934] io scheduler noop registered
[    0.946394] io scheduler deadline registered
[    0.947856] io scheduler cfq registered (default)
[    0.953320] ACPI: AC Adapter [AC] (on-line)
[    0.955923] input: Power Button as /devices/LNXSYSTM:00/LNXPWRBN:00/input/input0
[    0.960317] ACPI: Power Button [PWRF]
[    0.962745] input: Sleep Button as /devices/LNXSYSTM:00/LNXSLPBN:00/input/input1
[    0.964240] ACPI: Sleep Button [SLPF]
[    0.970651] Serial: 8250/16550 driver, 32 ports, IRQ sharing enabled
[    0.972405] ACPI: Battery Slot [BAT0] (battery present)
[    1.002806] 00:02: ttyS0 at I/O 0x3f8 (irq = 4, base_baud = 115200) is a 16550A
[    1.006183] Linux agpgart interace v0.103
[    1.014290] loop: module loaded
[    1.018760] scsi host0: ata_piix
[    1.021234] scsi host1: ata_piix
[    1.023367] ata1: PATA max UDMA/33 cmd 0x1f0 ctl 0x3f6 bmdma 0xd000 irq 14
[    1.025207] ata2: PATA max UDMA/33 cmd 0x170 ctl 0x376 bmdma 0xd008 irq 15
[    1.032319] tun: Universal TUN/TAP device driver, 1.6
[    1.035963] PPP generic driver version 2.4.2
[    1.038626] ehci_hcd: USB 2.0 'Enhanced' Host Controller (EHCI) Driver
[    1.042437] ehci-pci: EHCI PCI platform driver
[    1.045247] ehci-platform: EHCI generic platform driver
[    1.048347] ohci_hcd: USB 1.1 'Open' Host Controller (OHCI) Driver
[    1.052015] ohci-pci: OHCI PCI platform driver
[    1.055173] ohci-platform: OHCI generic platform driver
[    1.055997] uhci_hcd: USB Universal Host Controller Interface driver
[    1.062005] i8042: PNP: PS/2 Controller [PNP0303:PS2K,PNP0f03:PS2M] at 0x60,0x64 irq 1,12
[    1.068958] serio: i8042 KBD port at 0x60,0x64 irq 1
[    1.072007] serio: i8042 AUX port at 0x60,0x64 irq 12
[    1.072007] mousedev: PS/2 mouse device common for all mice
[    1.080860] input: AT Translated Set 2 keyboard as /devices/platform/i8042/serio0/input/input2
[    1.084049] rtc_cmos rtc_cmos: rtc core: registered rtc_cmos as rtc0
[    1.089735] rtc_cmos rtc_cmos: alarms up to one day, 114 bytes nvram
[    1.094105] i2c /dev entries driver
[    1.096390] device-mapper: uevent: version 1.0.3
[    1.099118] device-mapper: ioctl: 4.37.0-ioctl (2017-09-20) initialised: dm-devel@redhat.com
[    1.103775] ledtrig-cpu: registered to indicate activity on CPUs
[    1.108596] NET: Registered protocol family 10
[    1.116317] Segment Routing with IPv6
[    1.118421] NET: Registered protocol family 17
[    1.121088] Key type dns_resolver registered
[    1.124326] mce: Using 0 MCE banks
[    1.126298] RAS: Correctable Errors collector initialized.
[    1.128289] sched_clock: Marking stable (1124289089, 0)->(1612274038, -487984949)
[    1.134880] registered taskstats version 1
[    1.137259] Loading compiled-in X.509 certificates
[    1.142841] Loaded X.509 cert 'Build time autogenerated kernel key: 05d3fa630a0ed8a65520e390196b077fd5e65720'
[    1.148612] Loaded X.509 cert 'Canonical Ltd. Live Patch Signing: 14df34d1a87cf37625abec039ef2bf521249b969'
[    1.154274] Loaded X.509 cert 'Canonical Ltd. Kernel Module Signing: 88f752e560a1e0737e31163a466ad7b70a850c19'
[    1.159792] blacklist: Loading compiled-in revocation X.509 certificates
[    1.163510] Loaded X.509 cert 'Canonical Ltd. Secure Boot Signing: 61482aa2830d0ab2ad5af10b7250da9033ddcef0'
[    1.168820] Loaded X.509 cert 'Canonical Ltd. Secure Boot Signing (2017): 242ade75ac4a15e50d50c84b0d45ff3eae707a03'
[    1.174421] Loaded X.509 cert 'Canonical Ltd. Secure Boot Signing (ESM 2018): 365188c1d374d6b07c3c8f240f8ef722433d6a8b'
[    1.180175] Loaded X.509 cert 'Canonical Ltd. Secure Boot Signing (2019): c0746fd6c5da3ae827864651ad66ae47fe24b3e8'
[    1.185754] Loaded X.509 cert 'Canonical Ltd. Secure Boot Signing (2021 v1): a8d54bbb3825cfb94fa13c9f8a594a195c107b8d'
[    1.201430] Loaded X.509 cert 'Canonical Ltd. Secure Boot Signing (2021 v2): 4cf046892d6fd3c9a5b03f98d845f90851dc6a8c'
[    1.207851] Loaded X.509 cert 'Canonical Ltd. Secure Boot Signing (2021 v3): 100437bb6de6e469b581e61cd66bce3ef4ed53af'
[    1.214298] Loaded X.509 cert 'Canonical Ltd. Secure Boot Signing (Ubuntu Core 2019): c1d57b8f6b743f23ee41f4f7ee292f06eecadfb9'
[    1.225004] zswap: loaded using pool lzo/zbud
[    1.252351] Key type big_key registered
[    1.254751] Key type trusted registered
[    1.259469] Key type encrypted registered
[    1.262046] AppArmor: AppArmor sha1 policy hashing enabled
[    1.265361] ima: No TPM chip found, activating TPM-bypass! (rc=-19)
[    1.269084] ima: Allocated hash algorithm: sha1
[    1.272088] evm: HMAC attrs: 0x1
[    1.274868]   Magic number: 11:888:702
[    1.277762] rtc_cmos rtc_cmos: setting system clock to 2023-10-20 21:40:17 UTC (1697838017)
[    1.283362] BIOS EDD facility v0.16 2004-Jun-25, 0 devices found
[    1.286909] EDD information not available.
[    1.292408] Freeing unused kernel image memory: 2480K
[    1.308155] Write protecting the kernel read-only data: 20480k
[    1.316411] Freeing unused kernel image memory: 2008K
[    1.321179] Freeing unused kernel image memory: 1820K
[    1.330865] x86/mm: Checked W+X mappings: passed, no W+X pages found.
[    1.334770] x86/mm: Checking user space page tables
[    1.342983] x86/mm: Checked W+X mappings: passed, no W+X pages found.
Loading, please wait...
starting version 237
[    1.409558] e1000: Intel(R) PRO/1000 Network Driver - version 7.3.21-k8-NAPI
[    1.414164] e1000: Copyright (c) 1999-2006 Intel Corporation.
[    1.427130] Fusion MPT base driver 3.04.20
[    1.430011] Copyright (c) 1999-2008 LSI Corporation
[    1.441764] Fusion MPT SPI Host driver 3.04.20
[    1.466269] AVX2 version of gcm_enc/dec engaged.
[    1.469253] AES CTR mode by8 optimization enabled
[    1.738016] input: ImExPS/2 Generic Explorer Mouse as /devices/platform/i8042/serio1/input/input4
[    1.937971] e1000 0000:00:03.0 eth0: (PCI:33MHz:32-bit) 02:e1:6b:97:21:6b
[    1.941671] e1000 0000:00:03.0 eth0: Intel(R) PRO/1000 Network Connection
[    2.434298] e1000 0000:00:08.0 eth1: (PCI:33MHz:32-bit) 08:00:27:a5:af:05
[    2.437989] e1000 0000:00:08.0 eth1: Intel(R) PRO/1000 Network Connection
[    2.445351] e1000 0000:00:08.0 enp0s8: renamed from eth1
[    2.448609] mptbase: ioc0: Initiating bringup
[    2.460657] e1000 0000:00:03.0 enp0s3: renamed from eth0
[    2.560028] ioc0: LSI53C1030 A0: Capabilities={Initiator}
[    2.812840] scsi host2: ioc0: LSI53C1030 A0, FwRev=00000000h, Ports=1, MaxQ=256, IRQ=20
[    2.986902] scsi 2:0:0:0: Direct-Access     VBOX     HARDDISK         1.0  PQ: 0 ANSI: 5
[    3.029023] scsi target2:0:0: Beginning Domain Validation
[    3.039964] scsi target2:0:0: Domain Validation skipping write tests
[    3.044979] scsi target2:0:0: Ending Domain Validation
[    3.048623] scsi target2:0:0: asynchronous
[    3.051849] scsi 2:0:1:0: Direct-Access     VBOX     HARDDISK         1.0  PQ: 0 ANSI: 5
[    3.088350] scsi target2:0:1: Beginning Domain Validation
[    3.097950] scsi target2:0:1: Domain Validation skipping write tests
[    3.102265] scsi target2:0:1: Ending Domain Validation
[    3.105586] scsi target2:0:1: asynchronous
[    3.113996] sd 2:0:0:0: [sda] 83886080 512-byte logical blocks: (42.9 GB/40.0 GiB)
[    3.118352] sd 2:0:0:0: [sda] Write Protect is off
[    3.121491] sd 2:0:0:0: Attached scsi generic sg0 type 0
[    3.124787] sd 2:0:0:0: [sda] Incomplete mode parameter data
[    3.127950] sd 2:0:0:0: [sda] Assuming drive cache: write through
[    3.132090] sd 2:0:1:0: [sdb] 20480 512-byte logical blocks: (10.5 MB/10.0 MiB)
[    3.136458] sd 2:0:1:0: [sdb] Write Protect is off
[    3.139738] sd 2:0:1:0: [sdb] Incomplete mode parameter data
[    3.143136] sd 2:0:1:0: [sdb] Assuming drive cache: write through
[    3.143346] sd 2:0:1:0: Attached scsi generic sg1 type 0
[    3.153830]  sda: sda1
[    3.155451] sd 2:0:1:0: [sdb] Attached SCSI disk
[    3.160022] sd 2:0:0:0: [sda] Attached SCSI disk
Begin: Loading essential drivers ... [    5.266084] raid6: sse2x1   gen() 21250 MB/s
[    5.328947] raid6: sse2x1   xor()  9916 MB/s
[    5.378981] raid6: sse2x2   gen() 15623 MB/s
[    5.438201] raid6: sse2x2   xor() 11725 MB/s
[    5.505529] raid6: sse2x4   gen() 27001 MB/s
[    5.568664] raid6: sse2x4   xor() 13258 MB/s
[    5.674391] raid6: avx2x1   gen() 26474 MB/s
[    5.746048] raid6: avx2x1   xor() 22229 MB/s
[    5.800668] raid6: avx2x2   gen() 25248 MB/s
[    5.848267] raid6: avx2x2   xor() 18261 MB/s
[    5.913037] raid6: avx2x4   gen() 37348 MB/s
[    5.962150] raid6: avx2x4   xor() 22633 MB/s
[    5.965474] raid6: using algorithm avx2x4 gen() 37348 MB/s
[    5.968764] raid6: .... xor() 22633 MB/s, rmw enabled
[    5.971532] raid6: using avx2x2 recovery algorithm
[    5.976124] xor: automatically using best checksumming function   avx       
[    5.981284] async_tx: api initialized (async)
done.
Begin: Running /scripts/init-premount ... done.
Begin: Mounting root file system ... Begin: Running /scripts/local-top ... done.
Begin: Running /scripts/local-premount ... [    6.034522] Btrfs loaded, crc32c=crc32c-intel
Scanning for Btrfs filesystems
done.
Warning: fsck not present, so skipping root file system
[    6.069540] EXT4-fs (sda1): mounted filesystem with ordered data mode. Opts: (null)
done.
Begin: Running /scripts/local-bottom ... done.
Begin: Running /scripts/init-bottom ... done.
[    6.281095] ip_tables: (C) 2000-2006 Netfilter Core Team
[    6.293829] systemd[1]: systemd 237 running in system mode. (+PAM +AUDIT +SELINUX +IMA +APPARMOR +SMACK +SYSVINIT +UTMP +LIBCRYPTSETUP +GCRYPT +GNUTLS +ACL +XZ +LZ4 +SECCOMP +BLKID +ELFUTILS +KMOD -IDN2 +IDN -PCRE2 default-hierarchy=hybrid)
[    6.305007] systemd[1]: Detected virtualization oracle.
[    6.307914] systemd[1]: Detected architecture x86-64.

Welcome to [1mUbuntu 18.04.6 LTS[0m!

[    6.325813] systemd[1]: Set hostname to <ubuntu>.
[    6.331284] systemd[1]: Initializing machine ID from random generator.
[    6.334764] systemd[1]: Installed transient /etc/machine-id file.
[    6.626670] systemd[1]: Started Forward Password Requests to Wall Directory Watch.
[[0;32m  OK  [0m] Started Forward Password Requests to Wall Directory Watch.
[    6.639569] systemd[1]: Created slice User and Session Slice.
[[0;32m  OK  [0m] Created slice User and Session Slice.
[    6.645224] systemd[1]: Reached target Swap.
[[0;32m  OK  [0m] Reached target Swap.
[    6.650418] systemd[1]: Created slice System Slice.
[[0;32m  OK  [0m] Created slice System Slice.
[[0;32m  OK  [0m] Listening on udev Control Socket.
[[0;32m  OK  [0m] Listening on Network Service Netlink Socket.
[[0;32m  OK  [0m] Listening on Syslog Socket.
[[0;32m  OK  [0m] Listening on LVM2 metadata daemon socket.
[[0;32m  OK  [0m] Created slice system-serial\x2dgetty.slice.
[[0;32m  OK  [0m] Listening on Journal Audit Socket.
[[0;32m  OK  [0m] Listening on Journal Socket.
         Starting Uncomplicated firewall...
         Mounting Huge Pages File System...
[[0;32m  OK  [0m] Listening on Device-mapper event daemon FIFOs.
         Starting Monitoring of LVM2 mirrors…ng dmeventd or progress polling...
[[0;32m  OK  [0m] Listening on udev Kernel Socket.
         Starting Load Kernel Modules...
         Starting Set the console keyboard layout...
[[0;32m  OK  [0m] Listening on /dev/initctl Compatibility Named Pipe.
[[0;32m  OK  [0m] Reached target Slices.
[[0;32m  OK  [0m] Reached target System Time Synchronized.
[[0;32m  OK  [0m] Listening on LVM2 poll daemon socket.
         Starting Create list of required st…ce nodes for the current kernel...
         Mounting Kernel Debug File System...
[[0;32m  OK  [0m] Listening on Journal Socket (/dev/log).
         Starting Journal Service...
[[0;32m  OK  [0m] Reached target Mounting snaps.
[[0;32m  OK  [0m] Reached target Mounted snaps.
         Starting udev Coldplug all Devices...
[[0;32m  OK  [0m] Set up automount Arbitrary Executab…rmats File System Automount Point.
[    6.749630] Loading iSCSI transport class v2.0-870.
[    6.757667] iscsi: registered transport (tcp)
[    6.774528] iscsi: registered transport (iser)
         Mounting POSIX Message Queue File System...
[[0;32m  OK  [0m] Reached target User and Group Name Lookups.
[[0;32m  OK  [0m] Listening on fsck to fsckd communication Socket.
         Starting File System Check on Root Device...
[[0;32m  OK  [0m] Started Journal Service.
[[0;32m  OK  [0m] Started Uncomplicated firewall.
[[0;32m  OK  [0m] Mounted Huge Pages File System.
[[0;32m  OK  [0m] Started Load Kernel Modules.
[[0;32m  OK  [0m] Started Create list of required sta…vice nodes for the current kernel.
[[0;32m  OK  [0m] Mounted Kernel Debug File System.
[[0;32m  OK  [0m] Mounted POSIX Message Queue File System.
[[0;32m  OK  [0m] Started File System Check Daemon to report status.
[[0;32m  OK  [0m] Started LVM2 metadata daemon.
         Starting Create Static Device Nodes in /dev...
         Mounting FUSE Control File System...
         Mounting Kernel Configuration File System...
         Starting Apply Kernel Variables...
[[0;32m  OK  [0m] Mounted FUSE Control File System.
[[0;32m  OK  [0m] Mounted Kernel Configuration File System.
[[0;32m  OK  [0m] Started File System Check on Root Device.
         Starting Remount Root and Kernel File Systems...
[[0;32m  OK  [0m] Started udev Coldplug all Devices.
[[0;32m  OK  [0m] Started Create Static Device Nodes in /dev.
[[0;32m  OK  [0m] Started Monitoring of LVM2 mirrors,…sing dmeventd or progress polling.
[[0;32m  OK  [0m] Started Apply Kernel Variables.
[[0;32m  OK  [0m] Started Remount Root and Kernel File Systems.
         Starting Load/Save Random Seed...
         Starting Flush Journal to Persistent Storage...
         Starting udev Kernel Device Manager...
[[0;32m  OK  [0m] Started Load/Save Random Seed.
[[0;32m  OK  [0m] Started udev Kernel Device Manager.
[[0;32m  OK  [0m] Started Set the console keyboard layout.
[[0;32m  OK  [0m] Reached target Local File Systems (Pre).
[[0;32m  OK  [0m] Reached target Local File Systems.
         Starting ebtables ruleset management...
         Starting Set console font and keymap...
         Starting Commit a transient machine-id on disk...
         Starting AppArmor initialization...
         Starting Tell Plymouth To Write Out Runtime Data...
[[0;32m  OK  [0m] Started Dispatch Password Requests to Console Directory Watch.
[[0;32m  OK  [0m] Reached target Local Encrypted Volumes.
[[0;32m  OK  [0m] Started Flush Journal to Persistent Storage.
         Starting Create Volatile Files and Directories...
[[0;32m  OK  [0m] Started Set console font and keymap.
[[0;32m  OK  [0m] Started Tell Plymouth To Write Out Runtime Data.
[[0;32m  OK  [0m] Started Create Volatile Files and Directories.
         Starting Update UTMP about System Boot/Shutdown...
[[0;32m  OK  [0m] Started Update UTMP about System Boot/Shutdown.
[[0;32m  OK  [0m] Started Commit a transient machine-id on disk.
[[0;32m  OK  [0m] Started ebtables ruleset management.
[[0;32m  OK  [0m] Found device /dev/ttyS0.
[[0;32m  OK  [0m] Listening on Load/Save RF Kill Switch Status /dev/rfkill Watch.
         Mounting Arbitrary Executable File Formats File System...
[[0;32m  OK  [0m] Mounted Arbitrary Executable File Formats File System.
[[0;32m  OK  [0m] Started AppArmor initialization.
         Starting Initial cloud-init job (pre-networking)...
         Starting Load AppArmor profiles managed internally by snapd...
[[0;32m  OK  [0m] Started Load AppArmor profiles managed internally by snapd.
[   10.053387] cloud-init[577]: Cloud-init v. 23.1.1-0ubuntu0~18.04.1 running 'init-local' at Fri, 20 Oct 2023 21:40:25 +0000. Up 9.69 seconds.
[[0;32m  OK  [0m] Started Initial cloud-init job (pre-networking).
[[0;32m  OK  [0m] Reached target Network (Pre).
         Starting Network Service...
[[0;32m  OK  [0m] Started Network Service.
         Starting Network Name Resolution...
         Starting Wait for Network to be Configured...
[[0;32m  OK  [0m] Started Network Name Resolution.
[[0;32m  OK  [0m] Reached target Network.
[[0;32m  OK  [0m] Reached target Host and Network Name Lookups.
[[0;32m  OK  [0m] Started Wait for Network to be Configured.
         Starting Initial cloud-init job (metadata service crawler)...
[   12.172963] cloud-init[714]: Cloud-init v. 23.1.1-0ubuntu0~18.04.1 running 'init' at Fri, 20 Oct 2023 21:40:28 +0000. Up 11.83 seconds.
[   12.228397] cloud-init[714]: ci-info: ++++++++++++++++++++++++++++++++++++++Net device info+++++++++++++++++++++++++++++++++++++++
[   12.235509] cloud-init[714]: ci-info: +--------+-------+----------------------------+---------------+--------+-------------------+
[   12.239964] cloud-init[714]: ci-info: | Device |   Up  |          Address           |      Mask     | Scope  |     Hw-Address    |
[   12.244428] cloud-init[714]: ci-info: +--------+-------+----------------------------+---------------+--------+-------------------+
[   12.248386] cloud-init[714]: ci-info: | enp0s3 |  True |         10.0.2.15          | 255.255.255.0 | global | 02:e1:6b:97:21:6b |
[   12.252316] cloud-init[714]: ci-info: | enp0s3 |  True | fe80::e1:6bff:fe97:216b/64 |       .       |  link  | 02:e1:6b:97:21:6b |
[   12.256753] cloud-init[714]: ci-info: | enp0s8 | False |             .              |       .       |   .    | 08:00:27:a5:af:05 |
[   12.260690] cloud-init[714]: ci-info: |   lo   |  True |         127.0.0.1          |   255.0.0.0   |  host  |         .         |
[   12.265116] cloud-init[714]: ci-info: |   lo   |  True |          ::1/128           |       .       |  host  |         .         |
[   12.269737] cloud-init[714]: ci-info: +--------+-------+----------------------------+---------------+--------+-------------------+
[   12.275667] cloud-init[714]: ci-info: ++++++++++++++++++++++++++++Route IPv4 info+++++++++++++++++++++++++++++
[   12.279078] cloud-init[714]: ci-info: +-------+-------------+----------+-----------------+-----------+-------+
[   12.282856] cloud-init[714]: ci-info: | Route | Destination | Gateway  |     Genmask     | Interface | Flags |
[   12.286397] cloud-init[714]: ci-info: +-------+-------------+----------+-----------------+-----------+-------+
[   12.304158] cloud-init[714]: ci-info: |   0   |   0.0.0.0   | 10.0.2.2 |     0.0.0.0     |   enp0s3  |   UG  |
[   12.308723] cloud-init[714]: ci-info: |   1   |   10.0.2.0  | 0.0.0.0  |  255.255.255.0  |   enp0s3  |   U   |
[   12.313027] cloud-init[714]: ci-info: |   2   |   10.0.2.2  | 0.0.0.0  | 255.255.255.255 |   enp0s3  |   UH  |
[   12.317796] cloud-init[714]: ci-info: +-------+-------------+----------+-----------------+-----------+-------+
[   12.321695] cloud-init[714]: ci-info: +++++++++++++++++++Route IPv6 info+++++++++++++++++++
[   12.325128] cloud-init[714]: ci-info: +-------+-------------+---------+-----------+-------+
[   12.328642] cloud-init[714]: ci-info: | Route | Destination | Gateway | Interface | Flags |
[   12.331971] cloud-init[714]: ci-info: +-------+-------------+---------+-----------+-------+
[   12.334735] cloud-init[714]: ci-info: |   1   |  fe80::/64  |    ::   |   enp0s3  |   U   |
[   12.337415] cloud-init[714]: ci-info: |   3   |    local    |    ::   |   enp0s3  |   U   |
[   12.340266] cloud-init[714]: ci-info: |   4   |   ff00::/8  |    ::   |   enp0s3  |   U   |
[   12.342599] cloud-init[714]: ci-info: +-------+-------------+---------+-----------+-------+
[   13.070907] cloud-init[714]: Generating public/private rsa key pair.
[   13.073227] cloud-init[714]: Your identification has been saved in /etc/ssh/ssh_host_rsa_key.
[   13.076488] cloud-init[714]: Your public key has been saved in /etc/ssh/ssh_host_rsa_key.pub.
[   13.079255] cloud-init[714]: The key fingerprint is:
[   13.080945] cloud-init[714]: SHA256:v6xitdyuPshnaeYdaCe2cdgxD7xtVSv7vgtbwHvmV0o root@ubuntu-bionic
[   13.084206] cloud-init[714]: The key's randomart image is:
[   13.086378] cloud-init[714]: +---[RSA 2048]----+
[   13.088108] cloud-init[714]: |                 |
[   13.090112] cloud-init[714]: |                 |
[   13.091911] cloud-init[714]: |                .|
[   13.093552] cloud-init[714]: |         .  .  ..|
[   13.095093] cloud-init[714]: |        S =  +.. |
[   13.096795] cloud-init[714]: |        .= B .E .|
[   13.098536] cloud-init[714]: |     . +B+B += =.|
[   13.100292] cloud-init[714]: |      =oXO.+  X .|
[   13.101788] cloud-init[714]: |     . O*==  ..*+|
[   13.103466] cloud-init[714]: +----[SHA256]-----+
[   13.105300] cloud-init[714]: Generating public/private dsa key pair.
[   13.107782] cloud-init[714]: Your identification has been saved in /etc/ssh/ssh_host_dsa_key.
[   13.111018] cloud-init[714]: Your public key has been saved in /etc/ssh/ssh_host_dsa_key.pub.
[   13.113878] cloud-init[714]: The key fingerprint is:
[   13.115577] cloud-init[714]: SHA256:6Tr4meYra19p+o4SyFsbc8y4XvsOLxUJgIyBCnxSYng root@ubuntu-bionic
[   13.118021] cloud-init[714]: The key's randomart image is:
[   13.119745] cloud-init[714]: +---[DSA 1024]----+
[   13.121477] cloud-init[714]: |=*.o..           |
[   13.123225] cloud-init[714]: |*oE.  .          |
[   13.124898] cloud-init[714]: |o.o    . .       |
[   13.126635] cloud-init[714]: |.       o.       |
[   13.144276] cloud-init[714]: | . . +  S.       |
[   13.146026] cloud-init[714]: |  o * +...       |
[   13.147938] cloud-init[714]: |   o Oo.=        |
[   13.149636] cloud-init[714]: |  . B.+%         |
[   13.151194] cloud-init[714]: |   ooO%O*        |
[   13.153159] cloud-init[714]: +----[SHA256]-----+
[   13.154795] cloud-init[714]: Generating public/private ecdsa key pair.
[   13.157584] cloud-init[714]: Your identification has been saved in /etc/ssh/ssh_host_ecdsa_key.
[   13.160299] cloud-init[714]: Your public key has been saved in /etc/ssh/ssh_host_ecdsa_key.pub.
[   13.163586] cloud-init[714]: The key fingerprint is:
[   13.165692] cloud-init[714]: SHA256:DyOZPZbB/fZr7i5rNLs0jhRLxr5z4OeOt4B7r/GYH10 root@ubuntu-bionic
[   13.169103] cloud-init[714]: The key's randomart image is:
[   13.171457] cloud-init[714]: +---[ECDSA 256]---+
[   13.174044] cloud-init[714]: |                 |
[   13.175995] cloud-init[714]: |       . .       |
[   13.178019] cloud-init[714]: |        o .      |
[   13.179921] cloud-init[714]: |       + + .     |
[   13.182065] cloud-init[714]: |      + S = o   E|
[   13.183918] cloud-init[714]: |       o X.+oo . |
[   13.186052] cloud-init[714]: |        ..Bo+oo  |
[   13.188243] cloud-init[714]: |         o+%Bo.. |
[   13.190455] cloud-init[714]: |        ..B%@X=  |
[   13.192338] cloud-init[714]: +----[SHA256]-----+
[   13.194209] cloud-init[714]: Generating public/private ed25519 key pair.
[   13.196697] cloud-init[714]: Your identification has been saved in /etc/ssh/ssh_host_ed25519_key.
[   13.200230] cloud-init[714]: Your public key has been saved in /etc/ssh/ssh_host_ed25519_key.pub.
[   13.203816] cloud-init[714]: The key fingerprint is:
[   13.206234] cloud-init[714]: SHA256:/sjPaz8d19UlQ/mlhkOUNp6FifsLabP0xxhcI3Scrn0 root@ubuntu-bionic
[   13.209805] cloud-init[714]: The key's randomart image is:
[   13.211918] cloud-init[714]: +--[ED25519 256]--+
[   13.214062] cloud-init[714]: |           o.*.o |
[   13.216008] cloud-init[714]: |          . O O o|
[   13.218187] cloud-init[714]: |           * B =+|
[   13.220092] cloud-init[714]: |          . * * +|
[   13.222320] cloud-init[714]: |        S  + B .o|
[   13.224272] cloud-init[714]: |       .  * = o E|
[   13.226233] cloud-init[714]: |        .o = * + |
[   13.227947] cloud-init[714]: |       . +o = +  |
[   13.230190] cloud-init[714]: |        oo=o.o   |
[   13.232184] cloud-init[714]: +----[SHA256]-----+
[[0;32m  OK  [0m] Started Initial cloud-init job (metadata service crawler).
[[0;32m  OK  [0m] Reached target Network is Online.
         Starting Availability of block devices...
[[0;32m  OK  [0m] Reached target Remote File Systems (Pre).
[[0;32m  OK  [0m] Reached target Remote File Systems.
[[0;32m  OK  [0m] Reached target System Initialization.
[[0;32m  OK  [0m] Started ACPI Events Check.
[[0;32m  OK  [0m] Listening on Open-iSCSI iscsid Socket.
[[0;32m  OK  [0m] Started Ubuntu Advantage Timer for running repeated jobs.
[[0;32m  OK  [0m] Listening on cloud-init hotplug hook socket.
[[0;32m  OK  [0m] Reached target Paths.
[[0;32m  OK  [0m] Started Discard unused blocks once a week.
[[0;32m  OK  [0m] Listening on UUID daemon activation socket.
[[0;32m  OK  [0m] Started Message of the Day.
         Starting LXD - unix socket.
[[0;32m  OK  [0m] Listening on D-Bus System Message Bus Socket.
[[0;32m  OK  [0m] Listening on ACPID Listen Socket.
[[0;32m  OK  [0m] Started Daily apt download activities.
[[0;32m  OK  [0m] Started Daily Cleanup of Temporary Directories.
[[0;32m  OK  [0m] Started Daily apt upgrade and clean activities.
[[0;32m  OK  [0m] Reached target Timers.
         Starting Socket activation for snappy daemon.
[[0;32m  OK  [0m] Reached target Cloud-config availability.
[[0;32m  OK  [0m] Started Availability of block devices.
[[0;32m  OK  [0m] Listening on LXD - unix socket.
[[0;32m  OK  [0m] Listening on Socket activation for snappy daemon.
[[0;32m  OK  [0m] Reached target Sockets.
[[0;32m  OK  [0m] Reached target Basic System.
         Starting Login Service...
         Starting Snap Daemon...
[[0;32m  OK  [0m] Started D-Bus System Message Bus.
         Starting LSB: Record successful boot for GRUB...
[[0;32m  OK  [0m] Started irqbalance daemon.
         Starting Accounts Service...
[[0;32m  OK  [0m] Started FUSE filesystem for LXC.
         Starting Virtualbox guest utils...
         Starting System Logging Service...
         Starting LSB: automatic crash report generation...
[[0;32m  OK  [0m] Reached target Login Prompts (Pre).
         Starting Pollinate to seed the pseudo random number generator...
[[0;32m  OK  [0m] Started Deferred execution scheduler.
[[0;32m  OK  [0m] Started Regular background program processing daemon.
         Starting Permit User Sessions...
         Starting Dispatcher daemon for systemd-networkd...
         Starting LXD - container startup/shutdown...
[[0;32m  OK  [0m] Started Permit User Sessions.
[[0;32m  OK  [0m] Started Login Service.
         Starting Authorization Manager...
[[0;32m  OK  [0m] Started Unattended Upgrades Shutdown.
         Starting Terminate Plymouth Boot Screen...
         Starting Hold until boot process finishes up...
[[0;32m  OK  [0m] Started Hold until boot process finishes up.
         Starting Set console scheme...
[[0;32m  OK  [0m] Started Serial Getty on ttyS0.
[[0;32m  OK  [0m] Started Terminate Plymouth Boot Screen.
[[0;32m  OK  [0m] Started System Logging Service.
[[0;32m  OK  [0m] Started LSB: automatic crash report generation.
[[0;32m  OK  [0m] Started Set console scheme.
[[0;32m  OK  [0m] Created slice system-getty.slice.
[[0;32m  OK  [0m] Started Getty on tty1.
[[0;32m  OK  [0m] Reached target Login Prompts.
[[0;32m  OK  [0m] Started LSB: Record successful boot for GRUB.
[[0;32m  OK  [0m] Started Authorization Manager.
[[0;32m  OK  [0m] Started Accounts Service.
[[0;32m  OK  [0m] Started LXD - container startup/shutdown.
[[0;32m  OK  [0m] Started Virtualbox guest utils.
[[0;32m  OK  [0m] Started Dispatcher daemon for systemd-networkd.
[[0;32m  OK  [0m] Started Snap Daemon.
         Starting Wait until snapd is fully seeded...
[[0;32m  OK  [0m] Started Pollinate to seed the pseudo random number generator.
         Starting OpenBSD Secure Shell server...
[[0;32m  OK  [0m] Started OpenBSD Secure Shell server.
[[0;32m  OK  [0m] Created slice User Slice of vagrant.
         Starting User Manager for UID 1000...
[[0;32m  OK  [0m] Started Session 1 of user vagrant.
[[0;32m  OK  [0m] Started User Manager for UID 1000.
         Starting Time & Date Service...
[[0;32m  OK  [0m] Started Time & Date Service.
[[0;32m  OK  [0m] Started Session 3 of user vagrant.

Ubuntu 18.04.6 LTS scriptbox ttyS0

scriptbox login: [   21.496438] cloud-init[1959]: Cloud-init v. 23.1.1-0ubuntu0~18.04.1 running 'modules:config' at Fri, 20 Oct 2023 21:40:37 +0000. Up 21.00 seconds.
ci-info: no authorized SSH keys fingerprints found for user ubuntu.
<14>Oct 20 21:40:38 cloud-init: #############################################################
<14>Oct 20 21:40:38 cloud-init: -----BEGIN SSH HOST KEY FINGERPRINTS-----
<14>Oct 20 21:40:38 cloud-init: 1024 SHA256:6Tr4meYra19p+o4SyFsbc8y4XvsOLxUJgIyBCnxSYng root@ubuntu-bionic (DSA)
<14>Oct 20 21:40:38 cloud-init: 256 SHA256:DyOZPZbB/fZr7i5rNLs0jhRLxr5z4OeOt4B7r/GYH10 root@ubuntu-bionic (ECDSA)
<14>Oct 20 21:40:38 cloud-init: 256 SHA256:/sjPaz8d19UlQ/mlhkOUNp6FifsLabP0xxhcI3Scrn0 root@ubuntu-bionic (ED25519)
<14>Oct 20 21:40:38 cloud-init: 2048 SHA256:v6xitdyuPshnaeYdaCe2cdgxD7xtVSv7vgtbwHvmV0o root@ubuntu-bionic (RSA)
<14>Oct 20 21:40:38 cloud-init: -----END SSH HOST KEY FINGERPRINTS-----
<14>Oct 20 21:40:38 cloud-init: #############################################################
-----BEGIN SSH HOST KEY KEYS-----
ecdsa-sha2-nistp256 AAAAE2VjZHNhLXNoYTItbmlzdHAyNTYAAAAIbmlzdHAyNTYAAABBBOI5w+8k7flcZHbAcmtf18VPnBm/IJfNToV/WXWup2LhB7jWpr6HMeQH9OVIwBPkFHk46xZGwT+r3Jd5+fPv2Rc= root@ubuntu-bionic
ssh-ed25519 AAAAC3NzaC1lZDI1NTE5AAAAINbXR+lzvYEb5rWjtAljdpxX/g3mX9wLELhAfR/hCTAj root@ubuntu-bionic
ssh-rsa AAAAB3NzaC1yc2EAAAADAQABAAABAQCsl5DLsBbzxXZ6qNc4goPUw9jvmCzB8YQ6HpFfMqvEz8tH4Le8ICByDduTa8nDe2zP+saTcs5UvxSLWPIoC5sJlB4lDTu9zxaNbiqe2wzEP8570MjKU2reNLE028OrhI7ICuHcqAagHPKEZLYdR1xQlHT40kGaihd/lOENeoeRI864iIHJJdUEuukdSP/rcoWFI7Q83rCMHneQdQ/iyxwvNenEyz8K+7c9XpcOI70ZcjZR1j3raitfxV6fy3hlnostOiZGUCT8GRmb3dElBwB9rYBNq47MA6HiQJeMG8uGM1UolnYfCI1t7FvjOWvSrWDDlVOB8abVVZP0n2PZbNjn root@ubuntu-bionic
-----END SSH HOST KEY KEYS-----
[   22.281868] cloud-init[2124]: Cloud-init v. 23.1.1-0ubuntu0~18.04.1 running 'modules:final' at Fri, 20 Oct 2023 21:40:38 +0000. Up 22.04 seconds.
[   22.287679] cloud-init[2124]: Cloud-init v. 23.1.1-0ubuntu0~18.04.1 finished at Fri, 20 Oct 2023 21:40:38 +0000. Datasource DataSourceNoCloud [seed=/dev/sdb][dsmode=net].  Up 22.24 seconds
