[    0.000000] Linux version 4.15.0-208-generic (buildd@lcy02-amd64-015) (gcc version 7.5.0 (Ubuntu 7.5.0-3ubuntu1~18.04)) #220-Ubuntu SMP Mon Mar 20 14:27:01 UTC 2023 (Ubuntu 4.15.0-208.220-generic 4.15.18)
[    0.000000] Command line: BOOT_IMAGE=/boot/vmlinuz-4.15.0-208-generic root=LABEL=cloudimg-rootfs ro console=tty1 console=ttyS0
[    0.000000] KERNEL supported cpus:
[    0.000000]   Intel GenuineIntel
[    0.000000]   AMD AuthenticAMD
[    0.000000]   Centaur CentaurHauls
[    0.000000] x86/fpu: Supporting XSAVE feature 0x001: 'x87 floating point registers'
[    0.000000] x86/fpu: Supporting XSAVE feature 0x002: 'SSE registers'
[    0.000000] x86/fpu: Supporting XSAVE feature 0x004: 'AVX registers'
[    0.000000] x86/fpu: xstate_offset[2]:  576, xstate_sizes[2]:  256
[    0.000000] x86/fpu: Enabled xstate features 0x7, context size is 832 bytes, using 'standard' format.
[    0.000000] e820: BIOS-provided physical RAM map:
[    0.000000] BIOS-e820: [mem 0x0000000000000000-0x000000000009fbff] usable
[    0.000000] BIOS-e820: [mem 0x000000000009fc00-0x000000000009ffff] reserved
[    0.000000] BIOS-e820: [mem 0x00000000000f0000-0x00000000000fffff] reserved
[    0.000000] BIOS-e820: [mem 0x0000000000100000-0x000000003ffeffff] usable
[    0.000000] BIOS-e820: [mem 0x000000003fff0000-0x000000003fffffff] ACPI data
[    0.000000] BIOS-e820: [mem 0x00000000fec00000-0x00000000fec00fff] reserved
[    0.000000] BIOS-e820: [mem 0x00000000fee00000-0x00000000fee00fff] reserved
[    0.000000] BIOS-e820: [mem 0x00000000fffc0000-0x00000000ffffffff] reserved
[    0.000000] NX (Execute Disable) protection: active
[    0.000000] SMBIOS 2.5 present.
[    0.000000] DMI: innotek GmbH VirtualBox/VirtualBox, BIOS VirtualBox 12/01/2006
[    0.000000] Hypervisor detected: KVM
[    0.000000] e820: last_pfn = 0x3fff0 max_arch_pfn = 0x400000000
[    0.000000] MTRR: Disabled
[    0.000000] x86/PAT: MTRRs disabled, skipping PAT initialization too.
[    0.000000] CPU MTRRs all blank - virtualized system.
[    0.000000] x86/PAT: Configuration [0-7]: WB  WT  UC- UC  WB  WT  UC- UC  
[    0.000000] found SMP MP-table at [mem 0x0009fff0-0x0009ffff]
[    0.000000] Scanning 1 areas for low memory corruption
[    0.000000] RAMDISK: [mem 0x359c9000-0x36cdbfff]
[    0.000000] ACPI: Early table checksum verification disabled
[    0.000000] ACPI: RSDP 0x00000000000E0000 000024 (v02 VBOX  )
[    0.000000] ACPI: XSDT 0x000000003FFF0030 00003C (v01 VBOX   VBOXXSDT 00000001 ASL  00000061)
[    0.000000] ACPI: FACP 0x000000003FFF00F0 0000F4 (v04 VBOX   VBOXFACP 00000001 ASL  00000061)
[    0.000000] ACPI: DSDT 0x000000003FFF0610 002353 (v02 VBOX   VBOXBIOS 00000002 INTL 20200528)
[    0.000000] ACPI: FACS 0x000000003FFF0200 000040
[    0.000000] ACPI: FACS 0x000000003FFF0200 000040
[    0.000000] ACPI: APIC 0x000000003FFF0240 00005C (v02 VBOX   VBOXAPIC 00000001 ASL  00000061)
[    0.000000] ACPI: SSDT 0x000000003FFF02A0 00036C (v01 VBOX   VBOXCPUT 00000002 INTL 20200528)
[    0.000000] ACPI: Reserving FACP table memory at [mem 0x3fff00f0-0x3fff01e3]
[    0.000000] ACPI: Reserving DSDT table memory at [mem 0x3fff0610-0x3fff2962]
[    0.000000] ACPI: Reserving FACS table memory at [mem 0x3fff0200-0x3fff023f]
[    0.000000] ACPI: Reserving FACS table memory at [mem 0x3fff0200-0x3fff023f]
[    0.000000] ACPI: Reserving APIC table memory at [mem 0x3fff0240-0x3fff029b]
[    0.000000] ACPI: Reserving SSDT table memory at [mem 0x3fff02a0-0x3fff060b]
[    0.000000] No NUMA configuration found
[    0.000000] Faking a node at [mem 0x0000000000000000-0x000000003ffeffff]
[    0.000000] NODE_DATA(0) allocated [mem 0x3ffc5000-0x3ffeffff]
[    0.000000] kvm-clock: cpu 0, msr 0:3ff44001, primary cpu clock
[    0.000000] kvm-clock: Using msrs 4b564d01 and 4b564d00
[    0.000000] kvm-clock: using sched offset of 3333478729 cycles
[    0.000000] clocksource: kvm-clock: mask: 0xffffffffffffffff max_cycles: 0x1cd42e4dffb, max_idle_ns: 881590591483 ns
[    0.000000] Zone ranges:
[    0.000000]   DMA      [mem 0x0000000000001000-0x0000000000ffffff]
[    0.000000]   DMA32    [mem 0x0000000001000000-0x000000003ffeffff]
[    0.000000]   Normal   empty
[    0.000000]   Device   empty
[    0.000000] Movable zone start for each node
[    0.000000] Early memory node ranges
[    0.000000]   node   0: [mem 0x0000000000001000-0x000000000009efff]
[    0.000000]   node   0: [mem 0x0000000000100000-0x000000003ffeffff]
[    0.000000] Reserved but unavailable: 104 pages
[    0.000000] Initmem setup node 0 [mem 0x0000000000001000-0x000000003ffeffff]
[    0.000000] ACPI: PM-Timer IO Port: 0x4008
[    0.000000] IOAPIC[0]: apic_id 2, version 32, address 0xfec00000, GSI 0-23
[    0.000000] ACPI: INT_SRC_OVR (bus 0 bus_irq 0 global_irq 2 dfl dfl)
[    0.000000] ACPI: INT_SRC_OVR (bus 0 bus_irq 9 global_irq 9 low level)
[    0.000000] Using ACPI (MADT) for SMP configuration information
[    0.000000] smpboot: Allowing 2 CPUs, 0 hotplug CPUs
[    0.000000] PM: Registered nosave memory: [mem 0x00000000-0x00000fff]
[    0.000000] PM: Registered nosave memory: [mem 0x0009f000-0x0009ffff]
[    0.000000] PM: Registered nosave memory: [mem 0x000a0000-0x000effff]
[    0.000000] PM: Registered nosave memory: [mem 0x000f0000-0x000fffff]
[    0.000000] e820: [mem 0x40000000-0xfebfffff] available for PCI devices
[    0.000000] Booting paravirtualized kernel on KVM
[    0.000000] clocksource: refined-jiffies: mask: 0xffffffff max_cycles: 0xffffffff, max_idle_ns: 7645519600211568 ns
[    0.000000] setup_percpu: NR_CPUS:8192 nr_cpumask_bits:2 nr_cpu_ids:2 nr_node_ids:1
[    0.000000] percpu: Embedded 50 pages/cpu s167936 r8192 d28672 u1048576
[    0.000000] PV qspinlock hash table entries: 256 (order: 0, 4096 bytes)
[    0.000000] Built 1 zonelists, mobility grouping on.  Total pages: 257913
[    0.000000] Policy zone: DMA32
[    0.000000] Kernel command line: BOOT_IMAGE=/boot/vmlinuz-4.15.0-208-generic root=LABEL=cloudimg-rootfs ro console=tty1 console=ttyS0
[    0.000000] Memory: 982640K/1048120K available (12300K kernel code, 2477K rwdata, 4324K rodata, 2480K init, 2720K bss, 65480K reserved, 0K cma-reserved)
[    0.000000] SLUB: HWalign=64, Order=0-3, MinObjects=0, CPUs=2, Nodes=1
[    0.000000] Kernel/User page tables isolation: enabled
[    0.000000] ftrace: allocating 39494 entries in 155 pages
[    0.004000] Hierarchical RCU implementation.
[    0.004000] 	RCU restricting CPUs from NR_CPUS=8192 to nr_cpu_ids=2.
[    0.004000] 	Tasks RCU enabled.
[    0.004000] RCU: Adjusting geometry for rcu_fanout_leaf=16, nr_cpu_ids=2
[    0.004000] NR_IRQS: 524544, nr_irqs: 440, preallocated irqs: 16
[    0.004000] random: crng init done
[    0.004000] Console: colour VGA+ 80x25
[    0.004000] console [tty1] enabled
[    0.004000] console [ttyS0] enabled
[    0.004000] ACPI: Core revision 20170831
[    0.004000] ACPI: 2 ACPI AML tables successfully acquired and loaded
[    0.004000] APIC: Switch to symmetric I/O mode setup
[    0.004310] x2apic enabled
[    0.007404] Switched APIC routing to physical x2apic.
[    0.012000] ..TIMER: vector=0x30 apic1=0 pin1=2 apic2=-1 pin2=-1
[    0.012002] tsc: Detected 2400.020 MHz processor
[    0.014630] Calibrating delay loop (skipped) preset value.. 4800.04 BogoMIPS (lpj=9600080)
[    0.016002] pid_max: default: 32768 minimum: 301
[    0.020035] Security Framework initialized
[    0.024002] Yama: becoming mindful.
[    0.026111] AppArmor: AppArmor initialized
[    0.029319] Dentry cache hash table entries: 131072 (order: 8, 1048576 bytes)
[    0.032656] Inode-cache hash table entries: 65536 (order: 7, 524288 bytes)
[    0.036031] Mount-cache hash table entries: 2048 (order: 2, 16384 bytes)
[    0.040025] Mountpoint-cache hash table entries: 2048 (order: 2, 16384 bytes)
[    0.045183] Last level iTLB entries: 4KB 64, 2MB 8, 4MB 8
[    0.048002] Last level dTLB entries: 4KB 64, 2MB 0, 4MB 0, 1GB 4
[    0.052015] Spectre V1 : Mitigation: usercopy/swapgs barriers and __user pointer sanitization
[    0.056002] Spectre V2 : Mitigation: Retpolines
[    0.060002] Spectre V2 : Spectre v2 / SpectreRSB mitigation: Filling RSB on context switch
[    0.064002] Spectre V2 : Spectre v2 / SpectreRSB : Filling RSB on VMEXIT
[    0.068002] RETBleed: WARNING: Spectre v2 mitigation leaves CPU vulnerable to RETBleed attacks, data leaks possible!
[    0.072002] RETBleed: Vulnerable
[    0.076002] Speculative Store Bypass: Vulnerable
[    0.078641] MDS: Mitigation: Clear CPU buffers
[    0.080002] MMIO Stale Data: Mitigation: Clear CPU buffers
[    0.084014] SRBDS: Unknown: Dependent on hypervisor status
[    0.088120] Freeing SMP alternatives memory: 36K
[    0.201902] smpboot: CPU0: Intel(R) Core(TM) i5-8279U CPU @ 2.40GHz (family: 0x6, model: 0x8e, stepping: 0xa)
[    0.204175] Performance Events: unsupported p6 CPU model 142 no PMU driver, software events only.
[    0.208066] Hierarchical SRCU implementation.
[    0.212551] NMI watchdog: Perf event create on CPU 0 failed with -2
[    0.216002] NMI watchdog: Perf NMI watchdog permanently disabled
[    0.220132] smp: Bringing up secondary CPUs ...
[    0.222972] x86: Booting SMP configuration:
[    0.224002] .... node  #0, CPUs:      #1
[    0.004000] kvm-clock: cpu 1, msr 0:3ff44041, secondary cpu clock
[    0.232149] smp: Brought up 1 node, 2 CPUs
[    0.234687] smpboot: Max logical packages: 1
[    0.236004] smpboot: Total of 2 processors activated (9600.08 BogoMIPS)
[    0.240206] devtmpfs: initialized
[    0.242068] x86/mm: Memory block size: 128MB
[    0.244198] evm: security.selinux
[    0.246101] evm: security.SMACK64
[    0.247997] evm: security.SMACK64EXEC
[    0.248002] evm: security.SMACK64TRANSMUTE
[    0.250715] evm: security.SMACK64MMAP
[    0.252002] evm: security.apparmor
[    0.253977] evm: security.ima
[    0.255782] evm: security.capability
[    0.256258] clocksource: jiffies: mask: 0xffffffff max_cycles: 0xffffffff, max_idle_ns: 7645041785100000 ns
[    0.260044] futex hash table entries: 512 (order: 3, 32768 bytes)
[    0.264056] pinctrl core: initialized pinctrl subsystem
[    0.268311] RTC time: 14:33:57, date: 05/07/23
[    0.272291] NET: Registered protocol family 16
[    0.276069] audit: initializing netlink subsys (disabled)
[    0.279063] audit: type=2000 audit(1683470041.242:1): state=initialized audit_enabled=0 res=1
[    0.280011] cpuidle: using governor ladder
[    0.284006] cpuidle: using governor menu
[    0.286428] ACPI: bus type PCI registered
[    0.288003] acpiphp: ACPI Hot Plug PCI Controller Driver version: 0.5
[    0.292303] PCI: Using configuration type 1 for base access
[    0.297342] HugeTLB registered 2.00 MiB page size, pre-allocated 0 pages
[    0.304091] ACPI: Added _OSI(Module Device)
[    0.306380] ACPI: Added _OSI(Processor Device)
[    0.308003] ACPI: Added _OSI(3.0 _SCP Extensions)
[    0.310572] ACPI: Added _OSI(Processor Aggregator Device)
[    0.312035] ACPI: Added _OSI(Linux-Dell-Video)
[    0.316003] ACPI: Added _OSI(Linux-Lenovo-NV-HDMI-Audio)
[    0.318867] ACPI: Added _OSI(Linux-HPI-Hybrid-Graphics)
[    0.320555] ACPI: Executed 1 blocks of module-level executable AML code
[    0.329020] ACPI: Interpreter enabled
[    0.331097] ACPI: (supports S0 S5)
[    0.332002] ACPI: Using IOAPIC for interrupt routing
[    0.335028] PCI: Using host bridge windows from ACPI; if necessary, use "pci=nocrs" and report a bug
[    0.336196] ACPI: Enabled 2 GPEs in block 00 to 07
[    0.347651] ACPI: PCI Root Bridge [PCI0] (domain 0000 [bus 00-ff])
[    0.348006] acpi PNP0A03:00: _OSC: OS supports [ASPM ClockPM Segments MSI]
[    0.352651] acpi PNP0A03:00: _OSC: not requesting OS control; OS requires [ExtendedConfig ASPM ClockPM MSI]
[    0.356010] acpi PNP0A03:00: fail to add MMCONFIG information, can't access extended PCI configuration space under this bridge.
[    0.360582] PCI host bridge to bus 0000:00
[    0.364003] pci_bus 0000:00: root bus resource [io  0x0000-0x0cf7 window]
[    0.368003] pci_bus 0000:00: root bus resource [io  0x0d00-0xffff window]
[    0.372003] pci_bus 0000:00: root bus resource [mem 0x000a0000-0x000bffff window]
[    0.376003] pci_bus 0000:00: root bus resource [mem 0x40000000-0xfdffffff window]
[    0.380000] pci_bus 0000:00: root bus resource [bus 00-ff]
[    0.387752] pci 0000:00:01.1: legacy IDE quirk: reg 0x10: [io  0x01f0-0x01f7]
[    0.388002] pci 0000:00:01.1: legacy IDE quirk: reg 0x14: [io  0x03f6]
[    0.392002] pci 0000:00:01.1: legacy IDE quirk: reg 0x18: [io  0x0170-0x0177]
[    0.396002] pci 0000:00:01.1: legacy IDE quirk: reg 0x1c: [io  0x0376]
[    0.439111] pci 0000:00:07.0: quirk: [io  0x4000-0x403f] claimed by PIIX4 ACPI
[    0.440030] pci 0000:00:07.0: quirk: [io  0x4100-0x410f] claimed by PIIX4 SMB
[    0.458061] ACPI: PCI Interrupt Link [LNKA] (IRQs 5 9 10 *11)
[    0.460466] ACPI: PCI Interrupt Link [LNKB] (IRQs 5 9 *10 11)
[    0.464170] ACPI: PCI Interrupt Link [LNKC] (IRQs 5 *9 10 11)
[    0.467428] ACPI: PCI Interrupt Link [LNKD] (IRQs 5 9 10 *11)
[    0.468415] SCSI subsystem initialized
[    0.472161] pci 0000:00:02.0: vgaarb: setting as boot VGA device
[    0.475231] pci 0000:00:02.0: vgaarb: VGA device added: decodes=io+mem,owns=io+mem,locks=none
[    0.476004] pci 0000:00:02.0: vgaarb: bridge control possible
[    0.479119] vgaarb: loaded
[    0.480036] ACPI: bus type USB registered
[    0.482298] usbcore: registered new interface driver usbfs
[    0.484016] usbcore: registered new interface driver hub
[    0.488009] usbcore: registered new device driver usb
[    0.490864] EDAC MC: Ver: 3.0.0
[    0.492613] PCI: Using ACPI for IRQ routing
[    0.496601] NetLabel: Initializing
[    0.498527] NetLabel:  domain hash size = 128
[    0.500002] NetLabel:  protocols = UNLABELED CIPSOv4 CALIPSO
[    0.504015] NetLabel:  unlabeled traffic allowed by default
[    0.508234] clocksource: Switched to clocksource kvm-clock
[    0.529302] VFS: Disk quotas dquot_6.6.0
[    0.531582] VFS: Dquot-cache hash table entries: 512 (order 0, 4096 bytes)
[    0.535442] AppArmor: AppArmor Filesystem Enabled
[    0.538094] pnp: PnP ACPI init
[    0.541937] pnp: PnP ACPI: found 3 devices
[    0.559274] clocksource: acpi_pm: mask: 0xffffff max_cycles: 0xffffff, max_idle_ns: 2085701024 ns
[    0.564068] NET: Registered protocol family 2
[    0.566656] IP idents hash table entries: 16384 (order: 5, 131072 bytes)
[    0.570604] TCP established hash table entries: 8192 (order: 4, 65536 bytes)
[    0.574480] TCP bind hash table entries: 8192 (order: 5, 131072 bytes)
[    0.578132] TCP: Hash tables configured (established 8192 bind 8192)
[    0.581739] UDP hash table entries: 512 (order: 2, 16384 bytes)
[    0.584972] UDP-Lite hash table entries: 512 (order: 2, 16384 bytes)
[    0.588915] NET: Registered protocol family 1
[    0.591334] pci 0000:00:00.0: Limiting direct PCI/PCI transfers
[    0.594611] pci 0000:00:01.0: Activating ISA DMA hang workarounds
[    0.598075] pci 0000:00:02.0: Video device with shadowed ROM at [mem 0x000c0000-0x000dffff]
[    0.602789] Unpacking initramfs...
[    0.903249] Freeing initrd memory: 19532K
[    0.905677] clocksource: tsc: mask: 0xffffffffffffffff max_cycles: 0x22984a75d98, max_idle_ns: 440795237870 ns
[    0.911499] platform rtc_cmos: registered platform RTC device (no PNP device found)
[    0.915731] Scanning for low memory corruption every 60 seconds
[    0.920208] Initialise system trusted keyrings
[    0.922736] Key type blacklist registered
[    0.925160] workingset: timestamp_bits=36 max_order=18 bucket_order=0
[    0.929905] zbud: loaded
[    0.932553] squashfs: version 4.0 (2009/01/31) Phillip Lougher
[    0.936346] fuse init (API version 7.26)
[    0.947629] Key type asymmetric registered
[    0.950420] Asymmetric key parser 'x509' registered
[    0.953132] Block layer SCSI generic (bsg) driver version 0.4 loaded (major 246)
[    0.957388] io scheduler noop registered
[    0.959636] io scheduler deadline registered
[    0.962167] io scheduler cfq registered (default)
[    0.965526] ACPI: AC Adapter [AC] (on-line)
[    0.967948] input: Power Button as /devices/LNXSYSTM:00/LNXPWRBN:00/input/input0
[    0.972390] ACPI: Power Button [PWRF]
[    0.974818] input: Sleep Button as /devices/LNXSYSTM:00/LNXSLPBN:00/input/input1
[    0.978854] ACPI: Sleep Button [SLPF]
[    0.983151] ACPI: Battery Slot [BAT0] (battery present)
[    0.986735] Serial: 8250/16550 driver, 32 ports, IRQ sharing enabled
[    1.016441] 00:02: ttyS0 at I/O 0x3f8 (irq = 4, base_baud = 115200) is a 16550A
[    1.025627] Linux agpgart interface v0.103
[    1.031591] loop: module loaded
[    1.034889] scsi host0: ata_piix
[    1.037187] scsi host1: ata_piix
[    1.039076] ata1: PATA max UDMA/33 cmd 0x1f0 ctl 0x3f6 bmdma 0xd000 irq 14
[    1.042798] ata2: PATA max UDMA/33 cmd 0x170 ctl 0x376 bmdma 0xd008 irq 15
[    1.046614] tun: Universal TUN/TAP device driver, 1.6
[    1.050306] PPP generic driver version 2.4.2
[    1.052812] ehci_hcd: USB 2.0 'Enhanced' Host Controller (EHCI) Driver
[    1.056433] ehci-pci: EHCI PCI platform driver
[    1.059062] ehci-platform: EHCI generic platform driver
[    1.062044] ohci_hcd: USB 1.1 'Open' Host Controller (OHCI) Driver
[    1.065590] ohci-pci: OHCI PCI platform driver
[    1.068137] ohci-platform: OHCI generic platform driver
[    1.071097] uhci_hcd: USB Universal Host Controller Interface driver
[    1.074684] i8042: PNP: PS/2 Controller [PNP0303:PS2K,PNP0f03:PS2M] at 0x60,0x64 irq 1,12
[    1.081139] serio: i8042 KBD port at 0x60,0x64 irq 1
[    1.083956] serio: i8042 AUX port at 0x60,0x64 irq 12
[    1.087560] mousedev: PS/2 mouse device common for all mice
[    1.092751] input: AT Translated Set 2 keyboard as /devices/platform/i8042/serio0/input/input2
[    1.097381] rtc_cmos rtc_cmos: rtc core: registered rtc_cmos as rtc0
[    1.101547] rtc_cmos rtc_cmos: alarms up to one day, 114 bytes nvram
[    1.104972] i2c /dev entries driver
[    1.106999] device-mapper: uevent: version 1.0.3
[    1.109994] device-mapper: ioctl: 4.37.0-ioctl (2017-09-20) initialised: dm-devel@redhat.com
[    1.115091] ledtrig-cpu: registered to indicate activity on CPUs
[    1.119290] NET: Registered protocol family 10
[    1.126841] Segment Routing with IPv6
[    1.128959] NET: Registered protocol family 17
[    1.131500] Key type dns_resolver registered
[    1.134562] mce: Using 0 MCE banks
[    1.136715] RAS: Correctable Errors collector initialized.
[    1.139653] sched_clock: Marking stable (1136623077, 0)->(1581031865, -444408788)
[    1.145444] registered taskstats version 1
[    1.147741] Loading compiled-in X.509 certificates
[    1.153263] Loaded X.509 cert 'Build time autogenerated kernel key: 05d3fa630a0ed8a65520e390196b077fd5e65720'
[    1.158993] Loaded X.509 cert 'Canonical Ltd. Live Patch Signing: 14df34d1a87cf37625abec039ef2bf521249b969'
[    1.164748] Loaded X.509 cert 'Canonical Ltd. Kernel Module Signing: 88f752e560a1e0737e31163a466ad7b70a850c19'
[    1.170702] blacklist: Loading compiled-in revocation X.509 certificates
[    1.175076] Loaded X.509 cert 'Canonical Ltd. Secure Boot Signing: 61482aa2830d0ab2ad5af10b7250da9033ddcef0'
[    1.180608] Loaded X.509 cert 'Canonical Ltd. Secure Boot Signing (2017): 242ade75ac4a15e50d50c84b0d45ff3eae707a03'
[    1.186176] Loaded X.509 cert 'Canonical Ltd. Secure Boot Signing (ESM 2018): 365188c1d374d6b07c3c8f240f8ef722433d6a8b'
[    1.191894] Loaded X.509 cert 'Canonical Ltd. Secure Boot Signing (2019): c0746fd6c5da3ae827864651ad66ae47fe24b3e8'
[    1.197489] Loaded X.509 cert 'Canonical Ltd. Secure Boot Signing (2021 v1): a8d54bbb3825cfb94fa13c9f8a594a195c107b8d'
[    1.203161] Loaded X.509 cert 'Canonical Ltd. Secure Boot Signing (2021 v2): 4cf046892d6fd3c9a5b03f98d845f90851dc6a8c'
[    1.209393] Loaded X.509 cert 'Canonical Ltd. Secure Boot Signing (2021 v3): 100437bb6de6e469b581e61cd66bce3ef4ed53af'
[    1.215794] Loaded X.509 cert 'Canonical Ltd. Secure Boot Signing (Ubuntu Core 2019): c1d57b8f6b743f23ee41f4f7ee292f06eecadfb9'
[    1.222689] zswap: loaded using pool lzo/zbud
[    1.260074] Key type big_key registered
[    1.262496] Key type trusted registered
[    1.267419] Key type encrypted registered
[    1.269878] AppArmor: AppArmor sha1 policy hashing enabled
[    1.273246] ima: No TPM chip found, activating TPM-bypass! (rc=-19)
[    1.276824] ima: Allocated hash algorithm: sha1
[    1.279606] evm: HMAC attrs: 0x1
[    1.282504]   Magic number: 7:34:586
[    1.285242] rtc_cmos rtc_cmos: setting system clock to 2023-05-07 14:33:58 UTC (1683470038)
[    1.290323] BIOS EDD facility v0.16 2004-Jun-25, 0 devices found
[    1.293870] EDD information not available.
[    1.299153] Freeing unused kernel image memory: 2480K
[    1.316507] Write protecting the kernel read-only data: 20480k
[    1.321458] Freeing unused kernel image memory: 2008K
[    1.324959] Freeing unused kernel image memory: 1820K
[    1.333360] x86/mm: Checked W+X mappings: passed, no W+X pages found.
[    1.337254] x86/mm: Checking user space page tables
[    1.345231] x86/mm: Checked W+X mappings: passed, no W+X pages found.
Loading, please wait...
starting version 237
[    1.416611] e1000: Intel(R) PRO/1000 Network Driver - version 7.3.21-k8-NAPI
[    1.421538] e1000: Copyright (c) 1999-2006 Intel Corporation.
[    1.428406] Fusion MPT base driver 3.04.20
[    1.430956] Copyright (c) 1999-2008 LSI Corporation
[    1.446790] Fusion MPT SPI Host driver 3.04.20
[    1.457910] AVX2 version of gcm_enc/dec engaged.
[    1.461089] AES CTR mode by8 optimization enabled
[    1.837748] input: ImExPS/2 Generic Explorer Mouse as /devices/platform/i8042/serio1/input/input4
[    1.920319] e1000 0000:00:03.0 eth0: (PCI:33MHz:32-bit) 02:e1:6b:97:21:6b
[    1.924353] e1000 0000:00:03.0 eth0: Intel(R) PRO/1000 Network Connection
[    1.930208] mptbase: ioc0: Initiating bringup
[    2.043577] ioc0: LSI53C1030 A0: Capabilities={Initiator}
[    2.296213] scsi host2: ioc0: LSI53C1030 A0, FwRev=00000000h, Ports=1, MaxQ=256, IRQ=20
[    2.471867] scsi 2:0:0:0: Direct-Access     VBOX     HARDDISK         1.0  PQ: 0 ANSI: 5
[    2.512721] scsi target2:0:0: Beginning Domain Validation
[    2.581285] scsi target2:0:0: Domain Validation skipping write tests
[    2.585067] scsi target2:0:0: Ending Domain Validation
[    2.588383] scsi target2:0:0: asynchronous
[    2.591806] scsi 2:0:1:0: Direct-Access     VBOX     HARDDISK         1.0  PQ: 0 ANSI: 5
[    2.839991] scsi target2:0:1: Beginning Domain Validation
[    2.845766] scsi target2:0:1: Domain Validation skipping write tests
[    2.849660] scsi target2:0:1: Ending Domain Validation
[    2.853129] scsi target2:0:1: asynchronous
[    2.862769] sd 2:0:0:0: Attached scsi generic sg0 type 0
[    2.866154] sd 2:0:1:0: Attached scsi generic sg1 type 0
[    2.869927] sd 2:0:1:0: [sdb] 20480 512-byte logical blocks: (10.5 MB/10.0 MiB)
[    2.874624] sd 2:0:1:0: [sdb] Write Protect is off
[    2.877840] sd 2:0:1:0: [sdb] Incomplete mode parameter data
[    2.881277] sd 2:0:1:0: [sdb] Assuming drive cache: write through
[    2.886207] sd 2:0:0:0: [sda] 83886080 512-byte logical blocks: (42.9 GB/40.0 GiB)
[    2.888388] sd 2:0:1:0: [sdb] Attached SCSI disk
[    2.897896] sd 2:0:0:0: [sda] Write Protect is off
[    2.901640] sd 2:0:0:0: [sda] Incomplete mode parameter data
[    2.905108] sd 2:0:0:0: [sda] Assuming drive cache: write through
[    2.913250]  sda: sda1
[    2.916700] sd 2:0:0:0: [sda] Attached SCSI disk
[    2.961794] e1000 0000:00:08.0 eth1: (PCI:33MHz:32-bit) 08:00:27:95:2b:cb
[    2.965931] e1000 0000:00:08.0 eth1: Intel(R) PRO/1000 Network Connection
[    2.971878] e1000 0000:00:03.0 enp0s3: renamed from eth0
[    2.993143] e1000 0000:00:08.0 enp0s8: renamed from eth1
Begin: Loading essential drivers ... [    5.117629] raid6: sse2x1   gen() 13039 MB/s
[    5.168288] raid6: sse2x1   xor()  8440 MB/s
[    5.217836] raid6: sse2x2   gen() 15680 MB/s
[    5.268184] raid6: sse2x2   xor() 10524 MB/s
[    5.316785] raid6: sse2x4   gen() 18689 MB/s
[    5.365846] raid6: sse2x4   xor() 11108 MB/s
[    5.416400] raid6: avx2x1   gen() 22962 MB/s
[    5.464044] raid6: avx2x1   xor() 15969 MB/s
[    5.512682] raid6: avx2x2   gen() 26843 MB/s
[    5.560119] raid6: avx2x2   xor() 18135 MB/s
[    5.608783] raid6: avx2x4   gen() 32763 MB/s
[    5.656270] raid6: avx2x4   xor() 20960 MB/s
[    5.658682] raid6: using algorithm avx2x4 gen() 32763 MB/s
[    5.662045] raid6: .... xor() 20960 MB/s, rmw enabled
[    5.664908] raid6: using avx2x2 recovery algorithm
[    5.669965] xor: automatically using best checksumming function   avx       
[    5.674866] async_tx: api initialized (async)
done.
Begin: Running /scripts/init-premount ... done.
Begin: Mounting root file system ... Begin: Running /scripts/local-top ... done.
Begin: Running /scripts/local-premount ... [    5.724314] Btrfs loaded, crc32c=crc32c-intel
Scanning for Btrfs filesystems
done.
Warning: fsck not present, so skipping root file system
[    5.759755] EXT4-fs (sda1): mounted filesystem with ordered data mode. Opts: (null)
done.
Begin: Running /scripts/local-bottom ... done.
Begin: Running /scripts/init-bottom ... done.
[    5.932935] ip_tables: (C) 2000-2006 Netfilter Core Team
[    5.946720] systemd[1]: systemd 237 running in system mode. (+PAM +AUDIT +SELINUX +IMA +APPARMOR +SMACK +SYSVINIT +UTMP +LIBCRYPTSETUP +GCRYPT +GNUTLS +ACL +XZ +LZ4 +SECCOMP +BLKID +ELFUTILS +KMOD -IDN2 +IDN -PCRE2 default-hierarchy=hybrid)
[    5.957735] systemd[1]: Detected virtualization oracle.
[    5.960669] systemd[1]: Detected architecture x86-64.

Welcome to [1mUbuntu 18.04.6 LTS[0m!

[    5.977600] systemd[1]: Set hostname to <ubuntu>.
[    5.983014] systemd[1]: Initializing machine ID from random generator.
[    5.986707] systemd[1]: Installed transient /etc/machine-id file.
[    6.224837] systemd[1]: Reached target Mounting snaps.
[[0;32m  OK  [0m] Reached target Mounting snaps.
[    6.234590] systemd[1]: Created slice System Slice.
[[0;32m  OK  [0m] Created slice System Slice.
[    6.239201] systemd[1]: Listening on Device-mapper event daemon FIFOs.
[[0;32m  OK  [0m] Listening on Device-mapper event daemon FIFOs.
[    6.244828] systemd[1]: Listening on udev Kernel Socket.
[[0;32m  OK  [0m] Listening on udev Kernel Socket.
[[0;32m  OK  [0m] Reached target Mounted snaps.
[[0;32m  OK  [0m] Reached target User and Group Name Lookups.
[[0;32m  OK  [0m] Reached target System Time Synchronized.
[[0;32m  OK  [0m] Listening on Journal Socket (/dev/log).
[[0;32m  OK  [0m] Started Forward Password Requests to Wall Directory Watch.
[[0;32m  OK  [0m] Listening on Journal Socket.
         Starting Load Kernel Modules...
         Starting Create list of required st…ce nodes for the current kernel...
         Mounting Kernel Debug File System...
         Starting Uncomplicated firewall...
[[0;32m  OK  [0m] Listening on Syslog Socket.
         Mounting Huge Pages File System...
[[0;32m  OK  [0m] Listening on LVM2 metadata daemon socket.
[[0;32m  OK  [0m] Listening on fsck to fsckd communication Socket.
         Starting File System Check on Root Device...
[[0;32m  OK  [0m] Listening on Journal Audit Socket.
[[0;32m  OK  [0m] Reached target Swap.
[[0;32m  OK  [0m] Listening on udev Control Socket.
         Starting udev Coldplug all Devices...
         Starting Set the console keyboard layout...
[[0;32m  OK  [0m] Listening on /dev/initctl Compatibility Named Pipe.
[[0;32m  OK  [0m] Created slice system-serial\x2dgetty.slice.
[[0;32m  OK  [0m] Created slice User and Session Slice.
[[0;32m  OK  [0m] Reached target Slices.
[[0;32m  OK  [0m] Listening on LVM2 poll daemon socket.
         Mounting POSIX Message Queue File System...
[    6.311508] Loading iSCSI transport class v2.0-870.
[[0;32m  OK  [0m] Listening on Network Service Netlink Socket.
         Starting Journal Service...
         Starting Monitoring of LVM2 mirrors…ng dmeventd or progress polling...
[[0;32m  OK  [0m] Set up automount Arbitrary Executab…rmats File System Automount Point.
[    6.353087] iscsi: registered transport (tcp)
[    6.367952] iscsi: registered transport (iser)
[[0;32m  OK  [0m] Started Load Kernel Modules.
[[0;32m  OK  [0m] Started Create list of required sta…vice nodes for the current kernel.
[[0;32m  OK  [0m] Mounted Kernel Debug File System.
[[0;32m  OK  [0m] Started Uncomplicated firewall.
[[0;32m  OK  [0m] Mounted Huge Pages File System.
[[0;32m  OK  [0m] Mounted POSIX Message Queue File System.
[[0;32m  OK  [0m] Started LVM2 metadata daemon.
[[0;32m  OK  [0m] Started File System Check Daemon to report status.
         Starting Create Static Device Nodes in /dev...
         Mounting FUSE Control File System...
         Starting Apply Kernel Variables...
         Mounting Kernel Configuration File System...
[[0;32m  OK  [0m] Started Journal Service.
[[0;32m  OK  [0m] Started udev Coldplug all Devices.
[[0;32m  OK  [0m] Mounted FUSE Control File System.
[[0;32m  OK  [0m] Mounted Kernel Configuration File System.
[[0;32m  OK  [0m] Started Create Static Device Nodes in /dev.
[[0;32m  OK  [0m] Started File System Check on Root Device.
         Starting Remount Root and Kernel File Systems...
[[0;32m  OK  [0m] Started Monitoring of LVM2 mirrors,…sing dmeventd or progress polling.
[[0;32m  OK  [0m] Started Apply Kernel Variables.
[[0;32m  OK  [0m] Started Remount Root and Kernel File Systems.
         Starting udev Kernel Device Manager...
         Starting Flush Journal to Persistent Storage...
         Starting Load/Save Random Seed...
[[0;32m  OK  [0m] Started Load/Save Random Seed.
[[0;32m  OK  [0m] Started udev Kernel Device Manager.
[[0;32m  OK  [0m] Started Set the console keyboard layout.
[[0;32m  OK  [0m] Started Dispatch Password Requests to Console Directory Watch.
[[0;32m  OK  [0m] Reached target Local Encrypted Volumes.
[[0;32m  OK  [0m] Reached target Local File Systems (Pre).
[[0;32m  OK  [0m] Reached target Local File Systems.
         Starting Set console font and keymap...
         Starting Tell Plymouth To Write Out Runtime Data...
         Starting ebtables ruleset management...
         Starting Commit a transient machine-id on disk...
         Starting AppArmor initialization...
[[0;32m  OK  [0m] Started Set console font and keymap.
[[0;32m  OK  [0m] Started Flush Journal to Persistent Storage.
         Starting Create Volatile Files and Directories...
[[0;32m  OK  [0m] Started Tell Plymouth To Write Out Runtime Data.
[[0;32m  OK  [0m] Started Create Volatile Files and Directories.
         Starting Update UTMP about System Boot/Shutdown...
[[0;32m  OK  [0m] Started Update UTMP about System Boot/Shutdown.
[[0;32m  OK  [0m] Started Commit a transient machine-id on disk.
[[0;32m  OK  [0m] Started ebtables ruleset management.
[[0;32m  OK  [0m] Found device /dev/ttyS0.
[[0;32m  OK  [0m] Listening on Load/Save RF Kill Switch Status /dev/rfkill Watch.
         Mounting Arbitrary Executable File Formats File System...
[[0;32m  OK  [0m] Mounted Arbitrary Executable File Formats File System.
[[0;32m  OK  [0m] Started AppArmor initialization.
         Starting Initial cloud-init job (pre-networking)...
         Starting Load AppArmor profiles managed internally by snapd...
[[0;32m  OK  [0m] Started Load AppArmor profiles managed internally by snapd.
[    9.308190] cloud-init[584]: Cloud-init v. 23.1.1-0ubuntu0~18.04.1 running 'init-local' at Sun, 07 May 2023 14:34:06 +0000. Up 8.94 seconds.
[[0;32m  OK  [0m] Started Initial cloud-init job (pre-networking).
[[0;32m  OK  [0m] Reached target Network (Pre).
         Starting Network Service...
[[0;32m  OK  [0m] Started Network Service.
         Starting Wait for Network to be Configured...
         Starting Network Name Resolution...
[[0;32m  OK  [0m] Started Network Name Resolution.
[[0;32m  OK  [0m] Reached target Host and Network Name Lookups.
[[0;32m  OK  [0m] Reached target Network.
[[0;32m  OK  [0m] Started Wait for Network to be Configured.
         Starting Initial cloud-init job (metadata service crawler)...
[   11.211358] cloud-init[706]: Cloud-init v. 23.1.1-0ubuntu0~18.04.1 running 'init' at Sun, 07 May 2023 14:34:08 +0000. Up 11.06 seconds.
[   11.216665] cloud-init[706]: ci-info: ++++++++++++++++++++++++++++++++++++++Net device info+++++++++++++++++++++++++++++++++++++++
[   11.221353] cloud-init[706]: ci-info: +--------+-------+----------------------------+---------------+--------+-------------------+
[   11.226333] cloud-init[706]: ci-info: | Device |   Up  |          Address           |      Mask     | Scope  |     Hw-Address    |
[   11.230964] cloud-init[706]: ci-info: +--------+-------+----------------------------+---------------+--------+-------------------+
[   11.235194] cloud-init[706]: ci-info: | enp0s3 |  True |         10.0.2.15          | 255.255.255.0 | global | 02:e1:6b:97:21:6b |
[   11.239921] cloud-init[706]: ci-info: | enp0s3 |  True | fe80::e1:6bff:fe97:216b/64 |       .       |  link  | 02:e1:6b:97:21:6b |
[   11.244099] cloud-init[706]: ci-info: | enp0s8 | False |             .              |       .       |   .    | 08:00:27:95:2b:cb |
[   11.248792] cloud-init[706]: ci-info: |   lo   |  True |         127.0.0.1          |   255.0.0.0   |  host  |         .         |
[   11.252975] cloud-init[706]: ci-info: |   lo   |  True |          ::1/128           |       .       |  host  |         .         |
[   11.257113] cloud-init[706]: ci-info: +--------+-------+----------------------------+---------------+--------+-------------------+
[   11.262091] cloud-init[706]: ci-info: ++++++++++++++++++++++++++++Route IPv4 info+++++++++++++++++++++++++++++
[   11.265946] cloud-init[706]: ci-info: +-------+-------------+----------+-----------------+-----------+-------+
[   11.269710] cloud-init[706]: ci-info: | Route | Destination | Gateway  |     Genmask     | Interface | Flags |
[   11.274049] cloud-init[706]: ci-info: +-------+-------------+----------+-----------------+-----------+-------+
[   11.277924] cloud-init[706]: ci-info: |   0   |   0.0.0.0   | 10.0.2.2 |     0.0.0.0     |   enp0s3  |   UG  |
[   11.282223] cloud-init[706]: ci-info: |   1   |   10.0.2.0  | 0.0.0.0  |  255.255.255.0  |   enp0s3  |   U   |
[   11.285965] cloud-init[706]: ci-info: |   2   |   10.0.2.2  | 0.0.0.0  | 255.255.255.255 |   enp0s3  |   UH  |
[   11.289753] cloud-init[706]: ci-info: +-------+-------------+----------+-----------------+-----------+-------+
[   11.294158] cloud-init[706]: ci-info: +++++++++++++++++++Route IPv6 info+++++++++++++++++++
[   11.297585] cloud-init[706]: ci-info: +-------+-------------+---------+-----------+-------+
[   11.300975] cloud-init[706]: ci-info: | Route | Destination | Gateway | Interface | Flags |
[   11.304353] cloud-init[706]: ci-info: +-------+-------------+---------+-----------+-------+
[   11.308544] cloud-init[706]: ci-info: |   1   |  fe80::/64  |    ::   |   enp0s3  |   U   |
[   11.312652] cloud-init[706]: ci-info: |   3   |    local    |    ::   |   enp0s3  |   U   |
[   11.316088] cloud-init[706]: ci-info: |   4   |   ff00::/8  |    ::   |   enp0s3  |   U   |
[   11.319742] cloud-init[706]: ci-info: +-------+-------------+---------+-----------+-------+
[   11.955439] cloud-init[706]: Generating public/private rsa key pair.
[   11.959044] cloud-init[706]: Your identification has been saved in /etc/ssh/ssh_host_rsa_key.
[   11.963089] cloud-init[706]: Your public key has been saved in /etc/ssh/ssh_host_rsa_key.pub.
[   11.967760] cloud-init[706]: The key fingerprint is:
[   11.970936] cloud-init[706]: SHA256:8fbsInLgv24IZedfA5zJiYc3xa1x9Yr5K5v+tbkdMHk root@ubuntu-bionic
[   11.975251] cloud-init[706]: The key's randomart image is:
[   11.978721] cloud-init[706]: +---[RSA 2048]----+
[   11.982529] cloud-init[706]: |           . . ..|
[   11.985868] cloud-init[706]: |            + o .|
[   11.989907] cloud-init[706]: |        .= = +  .|
[   11.993580] cloud-init[706]: |      o +o@ .o.. |
[   11.996839] cloud-init[706]: |     o oSoooo+.E |
[   12.000390] cloud-init[706]: |    . . .. oo.+  |
[   12.008927] cloud-init[706]: |     o o . .o....|
[   12.013794] cloud-init[706]: |      + + o... o=|
[   12.017343] cloud-init[706]: |       *+o o=+o+o|
[   12.020705] cloud-init[706]: +----[SHA256]-----+
[   12.024064] cloud-init[706]: Generating public/private dsa key pair.
[   12.027699] cloud-init[706]: Your identification has been saved in /etc/ssh/ssh_host_dsa_key.
[   12.031491] cloud-init[706]: Your public key has been saved in /etc/ssh/ssh_host_dsa_key.pub.
[   12.035024] cloud-init[706]: The key fingerprint is:
[   12.038592] cloud-init[706]: SHA256:RHY0NFwGwKr8/CIzUhtgh2zqpmUkCAhfOt95avVKyqM root@ubuntu-bionic[[0;32m  OK  [0m] Started Initial cloud-init job (metadata service crawler).
[[0;32m  OK  [0m] Reached target Network is Online.

[   12.049246] [[0;32m  OK  [0m] Reached target Remote File Systems (Pre).
[[0;32m  OK  [0m] Reached target Remote File Systems.
cloud-init[706]:          Starting Availability of block devices...
[[0;32m  OK  [0m] Reached target Cloud-config availability.
[[0;32m  OK  [0m] Reached target System Initialization.
[[0;32m  OK  [0m] Started ACPI Events Check.
[[0;32m  OK  [0m] Listening on ACPID Listen Socket.
[[0;32m  OK  [0m] Listening on Open-iSCSI iscsid Socket.
[[0;32m  OK  [0m] Started Daily Cleanup of Temporary Directories.
         Starting Socket activation for snappy daemon.
[[0;32m  OK  [0m] Listening on UUID daemon activation socket.
[[0;32m  OK  [0m] Started Daily apt download activities.
[[0;32m  OK  [0m] Started Daily apt upgrade and clean activities.
[[0;32m  OK  [0m] Reached target Paths.
[[0;32m  OK  [0m] Listening on D-Bus System Message Bus Socket.
[[0;32m  OK  [0m] Started Discard unused blocks once a week.
[[0;32m  OK  [0m] Listening on cloud-init hotplug hook socket.
[[0;32m  OK  [0m] Started Message of the Day.
         Starting LXD - unix socket.
[[0;32m  OK  [0m] Started Ubuntu Advantage Timer for running repeated jobs.
[[0;32m  OK  [0m] Reached target Timers.
[[0;32m  OK  [0m] Listening on Socket activation for snappy daemon.
[[0;32m  OK  [0m] Listening on LXD - unix socket.
[[0;32m  OK  [0m] Reached target Sockets.
[[0;32m  OK  [0m] Reached target Basic System.
         Starting LXD - container startup/shutdown...
         Starting System Logging Service...
         Starting Accounts Service...
[[0;32m  OK  [0m] Started FUSE filesystem for LXC.
The key's randomart image is:
[   12.114260] cloud-init[706]: +---[DSA 1024]----+
[   12.116470] cloud-init[706]: |.   .  .+=Boo    |
[   12.118346] cloud-init[706]: |o. o   o...+     |
[   12.120176] cloud-init[706]: |o.+.   ..        |
[   12.121909] cloud-init[706]: |o *o...o         |
[   12.123573] cloud-init[706]: |o+.+..o S        |
[   12.125232] cloud-init[706]: |.o  =  + .       |
[   12.126965] cloud-init[706]: |. o. =o . .      |
[   12.128921] cloud-init[706]: | =. =o=o .       |
[   12.131140] cloud-init[706]: |+  .E=o+o        |
[   12.133987] cloud-init[706]: +----[SHA256]-----+
[   12.135836] cloud-init[706]: Generating public/private ecdsa key pair.
[   12.139489] cloud-init[706]: Your identification has been saved in /etc/ssh/ssh_host_ecdsa_key.
[   12.144221] cloud-init[706]: Your public key has been saved in /etc/ssh/ssh_host_ecdsa_key.pub.
[   12.149133] cloud-init[706]: The key fingerprint is:
[   12.151746] cloud-init[706]: SHA256:KO8PNCVq2E03yi+O3IQFRk2wl1ravM8iEfIzCXHP7NE root@ubuntu-bionic
[   12.154819] cloud-init[706]: The key's randomart image is:
[   12.156582] cloud-init[706]: +---[ECDSA 256]---+
[   12.158155] cloud-init[706]: |    o+.          |
[   12.159723] cloud-init[706]: |  ......         |
[   12.161243] cloud-init[706]: |   o++*.+        |
[   12.163274] cloud-init[706]: |  o+.&=*E.       |
[   12.164755] cloud-init[706]: |  .+B+@.S        |
[   12.166404] cloud-init[706]: |   .**.+         |
[   12.168086] cloud-init[706]: |    .+* .        |
[   12.169903] cloud-init[706]: |   ..*.=         |
[   12.171807] cloud-init[706]: |    o.+o+        |
[   12.173735] cloud-init[706]: +----[SHA256]-----+
[   12.175255] cloud-init[706]: Generating public/private ed25519 key pair.
[   12.178535] cloud-init[706]: Your identification has been saved in /etc/ssh/ssh_host_ed25519_key.
[   12.182086] cloud-init[706]: Your public key has been saved in /etc/ssh/ssh_host_ed25519_key.pub.
[   12.185338] cloud-init[706]: The key fingerprint is:
[[0;32m  OK  [0m] Started irqbalance daemon.
[[0;32m  OK  [0m] Started Deferred execution scheduler.
         Starting LSB: automatic crash report generation...
[   12.187058] cloud-init[706]: SHA256:IObX3Gy9ul9m6Q4NUOjk3LZN16RQOD0M4GKv9C7N5x4 root@ubuntu-bionic
         Starting Permit User Sessions...
[   12.198576] cloud-init[706]: The key's randomart image is:
[   12.204745] cloud-init[706]: +--[ED25519 256]--+
[   12.207424] cloud-init[706]: |          .oo*.  |
[   12.210934] cloud-init[706]: |         .o.+ + .|
[   12.212933] cloud-init[706]: |    o . o=o. o +.|
[   12.214747] cloud-init[706]: |   o . = =+oo o o|
[   12.216383] cloud-init[706]: |    . . S =.o+ . |
[   12.218058] cloud-init[706]: |     . . +  .+.. |
[   12.219624] cloud-init[706]: |        .o. E *  |
[   12.221472] cloud-init[706]: |        ..o..B   |
[   12.224194] cloud-init[706]: |         .+*+.o  |
[   12.226192] cloud-init[706]: +----[SHA256]-----+
         Starting Snap Daemon...
         Starting Virtualbox guest utils...
         Starting Pollinate to seed the pseudo random number generator...
[[0;32m  OK  [0m] Started D-Bus System Message Bus.
         Starting LSB: Record successful boot for GRUB...
         Starting Login Service...
[[0;32m  OK  [0m] Started Regular background program processing daemon.
[[0;32m  OK  [0m] Reached target Login Prompts (Pre).
         Starting Dispatcher daemon for systemd-networkd...
[[0;32m  OK  [0m] Started System Logging Service.
[[0;32m  OK  [0m] Started Availability of block devices.
[[0;32m  OK  [0m] Started LXD - container startup/shutdown.
[[0;32m  OK  [0m] Started Permit User Sessions.
[[0;32m  OK  [0m] Started Login Service.
[[0;32m  OK  [0m] Started Unattended Upgrades Shutdown.
         Starting Authorization Manager...
         Starting Hold until boot process finishes up...
         Starting Terminate Plymouth Boot Screen...
[[0;32m  OK  [0m] Started Hold until boot process finishes up.
         Starting Set console scheme...
[[0;32m  OK  [0m] Started Serial Getty on ttyS0.
[[0;32m  OK  [0m] Started Terminate Plymouth Boot Screen.
[[0;32m  OK  [0m] Started Set console scheme.
[[0;32m  OK  [0m] Created slice system-getty.slice.
[[0;32m  OK  [0m] Started Getty on tty1.
[[0;32m  OK  [0m] Reached target Login Prompts.
[[0;32m  OK  [0m] Started Authorization Manager.
[[0;32m  OK  [0m] Started Accounts Service.
[[0;32m  OK  [0m] Started LSB: automatic crash report generation.
[[0;32m  OK  [0m] Started LSB: Record successful boot for GRUB.
[[0;32m  OK  [0m] Started Virtualbox guest utils.
[[0;32m  OK  [0m] Started Pollinate to seed the pseudo random number generator.
         Starting OpenBSD Secure Shell server...
[[0;32m  OK  [0m] Started OpenBSD Secure Shell server.
[[0;32m  OK  [0m] Started Snap Daemon.
         Starting Wait until snapd is fully seeded...
[[0;32m  OK  [0m] Started Dispatcher daemon for systemd-networkd.
[[0;32m  OK  [0m] Created slice User Slice of vagrant.
         Starting User Manager for UID 1000...
[[0;32m  OK  [0m] Started Session 1 of user vagrant.
[[0;32m  OK  [0m] Started User Manager for UID 1000.
         Starting Time & Date Service...
[[0;32m  OK  [0m] Started Time & Date Service.
[[0;32m  OK  [0m] Started Wait until snapd is fully seeded.
         Starting Apply the settings specified in cloud-config...
[   15.860081] cloud-init[1327]: Cloud-init v. 23.1.1-0ubuntu0~18.04.1 running 'modules:config' at Sun, 07 May 2023 14:34:12 +0000. Up 15.10 seconds.
[[0;32m  OK  [0m] Started Apply the settings specified in cloud-config.
[[0;32m  OK  [0m] Reached target Multi-User System.
[[0;32m  OK  [0m] Reached target Graphical Interface.
         Starting Execute cloud user/final scripts...
         Starting Update UTMP about System Runlevel Changes...
[[0;32m  OK  [0m] Started Update UTMP about System Runlevel Changes.
ci-info: no authorized SSH keys fingerprints found for user ubuntu.
<14>May  7 14:34:13 cloud-init: #############################################################
<14>May  7 14:34:13 cloud-init: -----BEGIN SSH HOST KEY FINGERPRINTS-----
<14>May  7 14:34:13 cloud-init: 1024 SHA256:RHY0NFwGwKr8/CIzUhtgh2zqpmUkCAhfOt95avVKyqM root@ubuntu-bionic (DSA)
<14>May  7 14:34:13 cloud-init: 256 SHA256:KO8PNCVq2E03yi+O3IQFRk2wl1ravM8iEfIzCXHP7NE root@ubuntu-bionic (ECDSA)
<14>May  7 14:34:13 cloud-init: 256 SHA256:IObX3Gy9ul9m6Q4NUOjk3LZN16RQOD0M4GKv9C7N5x4 root@ubuntu-bionic (ED25519)
<14>May  7 14:34:13 cloud-init: 2048 SHA256:8fbsInLgv24IZedfA5zJiYc3xa1x9Yr5K5v+tbkdMHk root@ubuntu-bionic (RSA)
<14>May  7 14:34:13 cloud-init: -----END SSH HOST KEY FINGERPRINTS-----
<14>May  7 14:34:13 cloud-init: #############################################################
-----BEGIN SSH HOST KEY KEYS-----
ecdsa-sha2-nistp256 AAAAE2VjZHNhLXNoYTItbmlzdHAyNTYAAAAIbmlzdHAyNTYAAABBBPt5SpwT27T0kQvp5Ho/Dw2DYucI2a1Nk+7RXfHrlGQK3DwImA3YZxBVmKyruIBT+1r2/2t7zdz2tMvQIjsAmK4= root@ubuntu-bionic
ssh-ed25519 AAAAC3NzaC1lZDI1NTE5AAAAIEXEZEokjvAEOG0dvp+jwCtjuj0RwcoGiv1xA9n26nXs root@ubuntu-bionic
ssh-rsa AAAAB3NzaC1yc2EAAAADAQABAAABAQCxBpx5nbhuo3dPwfQJT0nYVB0leq+BVb82+hCOWsZQ9ylatDWS9Haqj9ij+JZ7VG7rfe2zZJx68cA54CkQ8QMZgxW7/Yj3bJoHzoTx5qtRw4AmmZG4waB4xKchJrJ1+z7kFkTVWO4Km1pTk6X14Ku5HQL/CDQvMapj7dETjjmt3hyByz7ggUq+X7DmyXIWArrMtCS2mXSGCKfZFdg7acbJn4949dn2S9IyIwHYRXErXfwQiITCiyrz06aLuv7lq5mEgxUnt/1WQIgiVG9txCJfw/qyhDcEgKBxZRdQkHNpMWvdPfubNr+Vtmz/AGbBltkwND2O8vx1bEfMVaGWwlqN root@ubuntu-bionic
-----END SSH HOST KEY KEYS-----
[   16.745824] cloud-init[1423]: Cloud-init v. 23.1.1-0ubuntu0~18.04.1 running 'modules:final' at Sun, 07 May 2023 14:34:13 +0000. Up 16.51 seconds.
[   16.749160] cloud-init[1423]: Cloud-init v. 23.1.1-0ubuntu0~18.04.1 finished at Sun, 07 May 2023 14:34:13 +0000. Datasource DataSourceNoCloud [seed=/dev/sdb][dsmode=net].  Up 16.73 seconds
[[0;32m  OK  [0m] Started Execute cloud user/final scripts.
[[0;32m  OK  [0m] Reached target Cloud-init target.

Ubuntu 18.04.6 LTS ubuntu-bionic ttyS0

ubuntu-bionic login: 